2019-09-11 14:28:51,613 INFO [main] c.j.c.CommunityApplicationTests [StartupInfoLogger.java:50] Starting CommunityApplicationTests on deep-agent with PID 6258 (started by agent in /home/agent/workspace/community)
2019-09-11 14:28:51,615 INFO [main] c.j.c.CommunityApplicationTests [SpringApplication.java:648] No active profile set, falling back to default profiles: default
2019-09-11 14:28:53,083 INFO [main] o.s.s.c.ThreadPoolTaskExecutor [ExecutorConfigurationSupport.java:171] Initializing ExecutorService 'applicationTaskExecutor'
2019-09-11 14:28:53,133 INFO [main] o.s.b.a.w.s.WelcomePageHandlerMapping [WelcomePageHandlerMapping.java:58] Adding welcome page template: index
2019-09-11 14:28:53,342 INFO [main] c.j.c.CommunityApplicationTests [StartupInfoLogger.java:59] Started CommunityApplicationTests in 2.113 seconds (JVM running for 3.413)
2019-09-11 14:28:53,599 INFO [main] c.z.h.HikariDataSource [HikariDataSource.java:110] HikariPool-1 - Starting...
2019-09-11 14:28:54,694 INFO [main] c.z.h.HikariDataSource [HikariDataSource.java:110] HikariPool-1 - Starting...
2019-09-11 14:28:55,704 INFO [main] c.z.h.HikariDataSource [HikariDataSource.java:110] HikariPool-1 - Starting...
2019-09-11 14:28:56,726 INFO [main] c.z.h.HikariDataSource [HikariDataSource.java:110] HikariPool-1 - Starting...
2019-09-11 14:28:57,740 INFO [main] c.z.h.HikariDataSource [HikariDataSource.java:110] HikariPool-1 - Starting...
2019-09-11 14:28:58,751 INFO [Thread-3] o.s.s.c.ThreadPoolTaskExecutor [ExecutorConfigurationSupport.java:208] Shutting down ExecutorService 'applicationTaskExecutor'
2019-09-11 14:41:59,079 INFO [main] c.j.c.m.DiscussPostMapperTests [StartupInfoLogger.java:50] Starting DiscussPostMapperTests on deep-agent with PID 12753 (started by agent in /home/agent/workspace/community)
2019-09-11 14:41:59,081 INFO [main] c.j.c.m.DiscussPostMapperTests [SpringApplication.java:648] No active profile set, falling back to default profiles: default
2019-09-11 14:42:00,324 INFO [main] o.s.s.c.ThreadPoolTaskExecutor [ExecutorConfigurationSupport.java:171] Initializing ExecutorService 'applicationTaskExecutor'
2019-09-11 14:42:00,373 INFO [main] o.s.b.a.w.s.WelcomePageHandlerMapping [WelcomePageHandlerMapping.java:58] Adding welcome page template: index
2019-09-11 14:42:00,591 INFO [main] c.j.c.m.DiscussPostMapperTests [StartupInfoLogger.java:59] Started DiscussPostMapperTests in 1.735 seconds (JVM running for 2.181)
2019-09-11 14:42:00,706 INFO [main] c.z.h.HikariDataSource [HikariDataSource.java:110] HikariPool-1 - Starting...
2019-09-11 14:42:01,809 INFO [main] c.z.h.HikariDataSource [HikariDataSource.java:110] HikariPool-1 - Starting...
2019-09-11 14:42:02,817 INFO [main] c.z.h.HikariDataSource [HikariDataSource.java:110] HikariPool-1 - Starting...
2019-09-11 14:42:03,829 INFO [main] c.z.h.HikariDataSource [HikariDataSource.java:110] HikariPool-1 - Starting...
2019-09-11 14:42:04,840 INFO [main] c.z.h.HikariDataSource [HikariDataSource.java:110] HikariPool-1 - Starting...
2019-09-11 14:42:05,851 INFO [Thread-3] o.s.s.c.ThreadPoolTaskExecutor [ExecutorConfigurationSupport.java:208] Shutting down ExecutorService 'applicationTaskExecutor'
2019-09-11 14:59:43,015 INFO [main] c.j.c.m.DiscussPostMapperTests [StartupInfoLogger.java:50] Starting DiscussPostMapperTests on deep-agent with PID 14064 (started by agent in /home/agent/workspace/community)
2019-09-11 14:59:43,016 INFO [main] c.j.c.m.DiscussPostMapperTests [SpringApplication.java:648] No active profile set, falling back to default profiles: default
2019-09-11 14:59:44,269 INFO [main] o.s.s.c.ThreadPoolTaskExecutor [ExecutorConfigurationSupport.java:171] Initializing ExecutorService 'applicationTaskExecutor'
2019-09-11 14:59:44,327 INFO [main] o.s.b.a.w.s.WelcomePageHandlerMapping [WelcomePageHandlerMapping.java:58] Adding welcome page template: index
2019-09-11 14:59:44,539 INFO [main] c.j.c.m.DiscussPostMapperTests [StartupInfoLogger.java:59] Started DiscussPostMapperTests in 1.775 seconds (JVM running for 2.259)
2019-09-11 14:59:44,650 INFO [main] c.z.h.HikariDataSource [HikariDataSource.java:110] HikariPool-1 - Starting...
2019-09-11 14:59:44,745 INFO [main] c.z.h.HikariDataSource [HikariDataSource.java:123] HikariPool-1 - Start completed.
2019-09-11 14:59:44,825 INFO [Thread-3] o.s.s.c.ThreadPoolTaskExecutor [ExecutorConfigurationSupport.java:208] Shutting down ExecutorService 'applicationTaskExecutor'
2019-09-11 14:59:44,826 INFO [Thread-3] c.z.h.HikariDataSource [HikariDataSource.java:350] HikariPool-1 - Shutdown initiated...
2019-09-11 14:59:44,828 INFO [Thread-3] c.z.h.HikariDataSource [HikariDataSource.java:352] HikariPool-1 - Shutdown completed.
2019-09-11 14:59:50,438 INFO [main] c.j.c.m.DiscussPostMapperTests [StartupInfoLogger.java:50] Starting DiscussPostMapperTests on deep-agent with PID 14145 (started by agent in /home/agent/workspace/community)
2019-09-11 14:59:50,439 INFO [main] c.j.c.m.DiscussPostMapperTests [SpringApplication.java:648] No active profile set, falling back to default profiles: default
2019-09-11 14:59:51,771 INFO [main] o.s.s.c.ThreadPoolTaskExecutor [ExecutorConfigurationSupport.java:171] Initializing ExecutorService 'applicationTaskExecutor'
2019-09-11 14:59:51,824 INFO [main] o.s.b.a.w.s.WelcomePageHandlerMapping [WelcomePageHandlerMapping.java:58] Adding welcome page template: index
2019-09-11 14:59:52,045 INFO [main] c.j.c.m.DiscussPostMapperTests [StartupInfoLogger.java:59] Started DiscussPostMapperTests in 1.888 seconds (JVM running for 2.353)
2019-09-11 14:59:52,156 INFO [main] c.z.h.HikariDataSource [HikariDataSource.java:110] HikariPool-1 - Starting...
2019-09-11 14:59:52,254 INFO [main] c.z.h.HikariDataSource [HikariDataSource.java:123] HikariPool-1 - Start completed.
2019-09-11 14:59:52,350 INFO [Thread-3] o.s.s.c.ThreadPoolTaskExecutor [ExecutorConfigurationSupport.java:208] Shutting down ExecutorService 'applicationTaskExecutor'
2019-09-11 14:59:52,351 INFO [Thread-3] c.z.h.HikariDataSource [HikariDataSource.java:350] HikariPool-1 - Shutdown initiated...
2019-09-11 14:59:52,353 INFO [Thread-3] c.z.h.HikariDataSource [HikariDataSource.java:352] HikariPool-1 - Shutdown completed.
2019-09-11 15:42:46,389 INFO [main] c.j.c.s.HomeServiceTests [StartupInfoLogger.java:50] Starting HomeServiceTests on deep-agent with PID 16158 (started by agent in /home/agent/workspace/community)
2019-09-11 15:42:46,390 INFO [main] c.j.c.s.HomeServiceTests [SpringApplication.java:648] No active profile set, falling back to default profiles: default
2019-09-11 15:42:47,773 INFO [main] o.s.s.c.ThreadPoolTaskExecutor [ExecutorConfigurationSupport.java:171] Initializing ExecutorService 'applicationTaskExecutor'
2019-09-11 15:42:47,831 INFO [main] o.s.b.a.w.s.WelcomePageHandlerMapping [WelcomePageHandlerMapping.java:58] Adding welcome page template: index
2019-09-11 15:42:48,083 INFO [main] c.j.c.s.HomeServiceTests [StartupInfoLogger.java:59] Started HomeServiceTests in 1.96 seconds (JVM running for 2.899)
2019-09-11 15:42:48,216 INFO [main] c.z.h.HikariDataSource [HikariDataSource.java:110] HikariPool-1 - Starting...
2019-09-11 15:42:48,330 INFO [main] c.z.h.HikariDataSource [HikariDataSource.java:123] HikariPool-1 - Start completed.
2019-09-11 15:42:48,398 INFO [Thread-3] o.s.s.c.ThreadPoolTaskExecutor [ExecutorConfigurationSupport.java:208] Shutting down ExecutorService 'applicationTaskExecutor'
2019-09-11 15:42:48,400 INFO [Thread-3] c.z.h.HikariDataSource [HikariDataSource.java:350] HikariPool-1 - Shutdown initiated...
2019-09-11 15:42:48,401 INFO [Thread-3] c.z.h.HikariDataSource [HikariDataSource.java:352] HikariPool-1 - Shutdown completed.
2019-09-11 15:44:52,411 INFO [main] c.j.c.u.MailClientTest [StartupInfoLogger.java:50] Starting MailClientTest on deep-agent with PID 16314 (started by agent in /home/agent/workspace/community)
2019-09-11 15:44:52,413 INFO [main] c.j.c.u.MailClientTest [SpringApplication.java:648] No active profile set, falling back to default profiles: default
2019-09-11 15:44:53,817 INFO [main] o.s.s.c.ThreadPoolTaskExecutor [ExecutorConfigurationSupport.java:171] Initializing ExecutorService 'applicationTaskExecutor'
2019-09-11 15:44:53,876 INFO [main] o.s.b.a.w.s.WelcomePageHandlerMapping [WelcomePageHandlerMapping.java:58] Adding welcome page template: index
2019-09-11 15:44:54,093 INFO [main] c.j.c.u.MailClientTest [StartupInfoLogger.java:59] Started MailClientTest in 1.932 seconds (JVM running for 2.366)
2019-09-11 15:44:55,232 INFO [Thread-3] o.s.s.c.ThreadPoolTaskExecutor [ExecutorConfigurationSupport.java:208] Shutting down ExecutorService 'applicationTaskExecutor'
2019-09-11 15:46:18,663 INFO [main] c.j.c.u.MailClientTest [StartupInfoLogger.java:50] Starting MailClientTest on deep-agent with PID 16390 (started by agent in /home/agent/workspace/community)
2019-09-11 15:46:18,665 INFO [main] c.j.c.u.MailClientTest [SpringApplication.java:648] No active profile set, falling back to default profiles: default
2019-09-11 15:46:19,915 INFO [main] o.s.s.c.ThreadPoolTaskExecutor [ExecutorConfigurationSupport.java:171] Initializing ExecutorService 'applicationTaskExecutor'
2019-09-11 15:46:19,967 INFO [main] o.s.b.a.w.s.WelcomePageHandlerMapping [WelcomePageHandlerMapping.java:58] Adding welcome page template: index
2019-09-11 15:46:20,168 INFO [main] c.j.c.u.MailClientTest [StartupInfoLogger.java:59] Started MailClientTest in 1.738 seconds (JVM running for 2.157)
2019-09-11 15:46:22,410 INFO [Thread-3] o.s.s.c.ThreadPoolTaskExecutor [ExecutorConfigurationSupport.java:208] Shutting down ExecutorService 'applicationTaskExecutor'
2019-09-11 15:54:18,310 INFO [main] c.j.c.u.MailClientTest [StartupInfoLogger.java:50] Starting MailClientTest on deep-agent with PID 16559 (started by agent in /home/agent/workspace/community)
2019-09-11 15:54:18,311 INFO [main] c.j.c.u.MailClientTest [SpringApplication.java:648] No active profile set, falling back to default profiles: default
2019-09-11 15:54:19,583 INFO [main] o.s.s.c.ThreadPoolTaskExecutor [ExecutorConfigurationSupport.java:171] Initializing ExecutorService 'applicationTaskExecutor'
2019-09-11 15:54:19,635 INFO [main] o.s.b.a.w.s.WelcomePageHandlerMapping [WelcomePageHandlerMapping.java:58] Adding welcome page template: index
2019-09-11 15:54:19,834 INFO [main] c.j.c.u.MailClientTest [StartupInfoLogger.java:59] Started MailClientTest in 1.795 seconds (JVM running for 2.25)
2019-09-11 15:54:21,088 INFO [Thread-3] o.s.s.c.ThreadPoolTaskExecutor [ExecutorConfigurationSupport.java:208] Shutting down ExecutorService 'applicationTaskExecutor'
2019-09-11 15:56:37,023 INFO [main] c.j.c.u.MailClientTest [StartupInfoLogger.java:50] Starting MailClientTest on deep-agent with PID 16677 (started by agent in /home/agent/workspace/community)
2019-09-11 15:56:37,025 INFO [main] c.j.c.u.MailClientTest [SpringApplication.java:648] No active profile set, falling back to default profiles: default
2019-09-11 15:56:38,238 INFO [main] o.s.s.c.ThreadPoolTaskExecutor [ExecutorConfigurationSupport.java:171] Initializing ExecutorService 'applicationTaskExecutor'
2019-09-11 15:56:38,288 INFO [main] o.s.b.a.w.s.WelcomePageHandlerMapping [WelcomePageHandlerMapping.java:58] Adding welcome page template: index
2019-09-11 15:56:38,488 INFO [main] c.j.c.u.MailClientTest [StartupInfoLogger.java:59] Started MailClientTest in 1.719 seconds (JVM running for 2.189)
2019-09-11 15:56:38,804 INFO [Thread-3] o.s.s.c.ThreadPoolTaskExecutor [ExecutorConfigurationSupport.java:208] Shutting down ExecutorService 'applicationTaskExecutor'
2019-09-11 15:57:15,586 INFO [main] c.j.c.u.MailClientTest [StartupInfoLogger.java:50] Starting MailClientTest on deep-agent with PID 16744 (started by agent in /home/agent/workspace/community)
2019-09-11 15:57:15,588 INFO [main] c.j.c.u.MailClientTest [SpringApplication.java:648] No active profile set, falling back to default profiles: default
2019-09-11 15:57:16,937 INFO [main] o.s.s.c.ThreadPoolTaskExecutor [ExecutorConfigurationSupport.java:171] Initializing ExecutorService 'applicationTaskExecutor'
2019-09-11 15:57:16,986 INFO [main] o.s.b.a.w.s.WelcomePageHandlerMapping [WelcomePageHandlerMapping.java:58] Adding welcome page template: index
2019-09-11 15:57:17,197 INFO [main] c.j.c.u.MailClientTest [StartupInfoLogger.java:59] Started MailClientTest in 1.867 seconds (JVM running for 2.332)
2019-09-11 15:57:18,800 INFO [Thread-3] o.s.s.c.ThreadPoolTaskExecutor [ExecutorConfigurationSupport.java:208] Shutting down ExecutorService 'applicationTaskExecutor'
2019-09-11 16:24:30,854 INFO [restartedMain] c.j.c.CommunityApplication [StartupInfoLogger.java:50] Starting CommunityApplication on deep-agent with PID 17618 (/home/agent/workspace/community/target/classes started by agent in /home/agent/workspace/community)
2019-09-11 16:24:30,856 INFO [restartedMain] c.j.c.CommunityApplication [SpringApplication.java:648] No active profile set, falling back to default profiles: default
2019-09-11 16:24:30,879 INFO [restartedMain] o.s.b.d.e.DevToolsPropertyDefaultsPostProcessor [DeferredLog.java:225] Devtools property defaults active! Set 'spring.devtools.add-properties' to 'false' to disable
2019-09-11 16:24:30,879 INFO [restartedMain] o.s.b.d.e.DevToolsPropertyDefaultsPostProcessor [DeferredLog.java:225] For additional web related logging consider setting the 'logging.level.web' property to 'DEBUG'
2019-09-11 16:24:31,585 INFO [restartedMain] o.s.b.w.e.t.TomcatWebServer [TomcatWebServer.java:90] Tomcat initialized with port(s): 8080 (http)
2019-09-11 16:24:31,593 INFO [restartedMain] o.a.c.h.Http11NioProtocol [DirectJDKLog.java:173] Initializing ProtocolHandler ["http-nio-8080"]
2019-09-11 16:24:31,600 INFO [restartedMain] o.a.c.c.StandardService [DirectJDKLog.java:173] Starting service [Tomcat]
2019-09-11 16:24:31,600 INFO [restartedMain] o.a.c.c.StandardEngine [DirectJDKLog.java:173] Starting Servlet engine: [Apache Tomcat/9.0.24]
2019-09-11 16:24:31,647 INFO [restartedMain] o.a.c.c.C.[.[.[/] [DirectJDKLog.java:173] Initializing Spring embedded WebApplicationContext
2019-09-11 16:24:31,647 INFO [restartedMain] o.s.w.c.ContextLoader [ServletWebServerApplicationContext.java:284] Root WebApplicationContext: initialization completed in 768 ms
2019-09-11 16:24:31,965 INFO [restartedMain] o.s.s.c.ThreadPoolTaskExecutor [ExecutorConfigurationSupport.java:171] Initializing ExecutorService 'applicationTaskExecutor'
2019-09-11 16:24:31,996 INFO [restartedMain] o.s.b.a.w.s.WelcomePageHandlerMapping [WelcomePageHandlerMapping.java:58] Adding welcome page template: index
2019-09-11 16:24:32,080 INFO [restartedMain] o.s.b.d.a.OptionalLiveReloadServer [OptionalLiveReloadServer.java:57] LiveReload server is running on port 35729
2019-09-11 16:24:32,096 INFO [restartedMain] o.a.c.h.Http11NioProtocol [DirectJDKLog.java:173] Starting ProtocolHandler ["http-nio-8080"]
2019-09-11 16:24:32,121 INFO [restartedMain] o.s.b.w.e.t.TomcatWebServer [TomcatWebServer.java:202] Tomcat started on port(s): 8080 (http) with context path ''
2019-09-11 16:24:32,123 INFO [restartedMain] c.j.c.CommunityApplication [StartupInfoLogger.java:59] Started CommunityApplication in 1.482 seconds (JVM running for 1.775)
2019-09-11 16:24:52,798 INFO [http-nio-8080-exec-1] o.a.c.c.C.[.[.[/] [DirectJDKLog.java:173] Initializing Spring DispatcherServlet 'dispatcherServlet'
2019-09-11 16:24:52,798 INFO [http-nio-8080-exec-1] o.s.w.s.DispatcherServlet [FrameworkServlet.java:524] Initializing Servlet 'dispatcherServlet'
2019-09-11 16:24:52,801 INFO [http-nio-8080-exec-1] o.s.w.s.DispatcherServlet [FrameworkServlet.java:546] Completed initialization in 3 ms
2019-09-11 16:24:58,030 INFO [http-nio-8080-exec-3] c.z.h.HikariDataSource [HikariDataSource.java:110] HikariPool-1 - Starting...
2019-09-11 16:24:58,089 INFO [http-nio-8080-exec-3] c.z.h.HikariDataSource [HikariDataSource.java:123] HikariPool-1 - Start completed.
2019-09-11 16:25:35,277 INFO [Thread-10] o.s.s.c.ThreadPoolTaskExecutor [ExecutorConfigurationSupport.java:208] Shutting down ExecutorService 'applicationTaskExecutor'
2019-09-11 16:25:35,277 INFO [Thread-10] c.z.h.HikariDataSource [HikariDataSource.java:350] HikariPool-1 - Shutdown initiated...
2019-09-11 16:25:35,280 INFO [Thread-10] c.z.h.HikariDataSource [HikariDataSource.java:352] HikariPool-1 - Shutdown completed.
2019-09-11 16:25:36,999 INFO [restartedMain] c.j.c.CommunityApplication [StartupInfoLogger.java:50] Starting CommunityApplication on deep-agent with PID 17787 (/home/agent/workspace/community/target/classes started by agent in /home/agent/workspace/community)
2019-09-11 16:25:37,000 INFO [restartedMain] c.j.c.CommunityApplication [SpringApplication.java:648] No active profile set, falling back to default profiles: default
2019-09-11 16:25:37,028 INFO [restartedMain] o.s.b.d.e.DevToolsPropertyDefaultsPostProcessor [DeferredLog.java:225] Devtools property defaults active! Set 'spring.devtools.add-properties' to 'false' to disable
2019-09-11 16:25:37,028 INFO [restartedMain] o.s.b.d.e.DevToolsPropertyDefaultsPostProcessor [DeferredLog.java:225] For additional web related logging consider setting the 'logging.level.web' property to 'DEBUG'
2019-09-11 16:25:37,680 INFO [restartedMain] o.s.b.w.e.t.TomcatWebServer [TomcatWebServer.java:90] Tomcat initialized with port(s): 8080 (http)
2019-09-11 16:25:37,686 INFO [restartedMain] o.a.c.h.Http11NioProtocol [DirectJDKLog.java:173] Initializing ProtocolHandler ["http-nio-8080"]
2019-09-11 16:25:37,691 INFO [restartedMain] o.a.c.c.StandardService [DirectJDKLog.java:173] Starting service [Tomcat]
2019-09-11 16:25:37,692 INFO [restartedMain] o.a.c.c.StandardEngine [DirectJDKLog.java:173] Starting Servlet engine: [Apache Tomcat/9.0.24]
2019-09-11 16:25:37,726 INFO [restartedMain] o.a.c.c.C.[.[.[/] [DirectJDKLog.java:173] Initializing Spring embedded WebApplicationContext
2019-09-11 16:25:37,726 INFO [restartedMain] o.s.w.c.ContextLoader [ServletWebServerApplicationContext.java:284] Root WebApplicationContext: initialization completed in 698 ms
2019-09-11 16:25:38,011 INFO [restartedMain] o.s.s.c.ThreadPoolTaskExecutor [ExecutorConfigurationSupport.java:171] Initializing ExecutorService 'applicationTaskExecutor'
2019-09-11 16:25:38,041 INFO [restartedMain] o.s.b.a.w.s.WelcomePageHandlerMapping [WelcomePageHandlerMapping.java:58] Adding welcome page template: index
2019-09-11 16:25:38,124 INFO [restartedMain] o.s.b.d.a.OptionalLiveReloadServer [OptionalLiveReloadServer.java:57] LiveReload server is running on port 35729
2019-09-11 16:25:38,139 INFO [restartedMain] o.a.c.h.Http11NioProtocol [DirectJDKLog.java:173] Starting ProtocolHandler ["http-nio-8080"]
2019-09-11 16:25:38,147 INFO [restartedMain] o.s.b.w.e.t.TomcatWebServer [TomcatWebServer.java:202] Tomcat started on port(s): 8080 (http) with context path ''
2019-09-11 16:25:38,148 INFO [restartedMain] c.j.c.CommunityApplication [StartupInfoLogger.java:59] Started CommunityApplication in 1.359 seconds (JVM running for 1.638)
2019-09-11 16:25:40,456 INFO [http-nio-8080-exec-1] o.a.c.c.C.[.[.[/] [DirectJDKLog.java:173] Initializing Spring DispatcherServlet 'dispatcherServlet'
2019-09-11 16:25:40,457 INFO [http-nio-8080-exec-1] o.s.w.s.DispatcherServlet [FrameworkServlet.java:524] Initializing Servlet 'dispatcherServlet'
2019-09-11 16:25:40,460 INFO [http-nio-8080-exec-1] o.s.w.s.DispatcherServlet [FrameworkServlet.java:546] Completed initialization in 3 ms
2019-09-11 16:25:43,755 INFO [http-nio-8080-exec-6] c.z.h.HikariDataSource [HikariDataSource.java:110] HikariPool-1 - Starting...
2019-09-11 16:25:43,809 INFO [http-nio-8080-exec-6] c.z.h.HikariDataSource [HikariDataSource.java:123] HikariPool-1 - Start completed.
2019-09-11 16:26:15,280 INFO [Thread-11] o.s.s.c.ThreadPoolTaskExecutor [ExecutorConfigurationSupport.java:208] Shutting down ExecutorService 'applicationTaskExecutor'
2019-09-11 16:26:15,280 INFO [Thread-11] c.z.h.HikariDataSource [HikariDataSource.java:350] HikariPool-1 - Shutdown initiated...
2019-09-11 16:26:15,284 INFO [Thread-11] c.z.h.HikariDataSource [HikariDataSource.java:352] HikariPool-1 - Shutdown completed.
2019-09-11 16:26:16,981 INFO [restartedMain] c.j.c.CommunityApplication [StartupInfoLogger.java:50] Starting CommunityApplication on deep-agent with PID 17914 (/home/agent/workspace/community/target/classes started by agent in /home/agent/workspace/community)
2019-09-11 16:26:16,983 INFO [restartedMain] c.j.c.CommunityApplication [SpringApplication.java:648] No active profile set, falling back to default profiles: default
2019-09-11 16:26:17,009 INFO [restartedMain] o.s.b.d.e.DevToolsPropertyDefaultsPostProcessor [DeferredLog.java:225] Devtools property defaults active! Set 'spring.devtools.add-properties' to 'false' to disable
2019-09-11 16:26:17,009 INFO [restartedMain] o.s.b.d.e.DevToolsPropertyDefaultsPostProcessor [DeferredLog.java:225] For additional web related logging consider setting the 'logging.level.web' property to 'DEBUG'
2019-09-11 16:26:17,750 INFO [restartedMain] o.s.b.w.e.t.TomcatWebServer [TomcatWebServer.java:90] Tomcat initialized with port(s): 8080 (http)
2019-09-11 16:26:17,757 INFO [restartedMain] o.a.c.h.Http11NioProtocol [DirectJDKLog.java:173] Initializing ProtocolHandler ["http-nio-8080"]
2019-09-11 16:26:17,762 INFO [restartedMain] o.a.c.c.StandardService [DirectJDKLog.java:173] Starting service [Tomcat]
2019-09-11 16:26:17,762 INFO [restartedMain] o.a.c.c.StandardEngine [DirectJDKLog.java:173] Starting Servlet engine: [Apache Tomcat/9.0.24]
2019-09-11 16:26:17,798 INFO [restartedMain] o.a.c.c.C.[.[.[/] [DirectJDKLog.java:173] Initializing Spring embedded WebApplicationContext
2019-09-11 16:26:17,798 INFO [restartedMain] o.s.w.c.ContextLoader [ServletWebServerApplicationContext.java:284] Root WebApplicationContext: initialization completed in 789 ms
2019-09-11 16:26:18,094 INFO [restartedMain] o.s.s.c.ThreadPoolTaskExecutor [ExecutorConfigurationSupport.java:171] Initializing ExecutorService 'applicationTaskExecutor'
2019-09-11 16:26:18,126 INFO [restartedMain] o.s.b.a.w.s.WelcomePageHandlerMapping [WelcomePageHandlerMapping.java:58] Adding welcome page template: index
2019-09-11 16:26:18,210 INFO [restartedMain] o.s.b.d.a.OptionalLiveReloadServer [OptionalLiveReloadServer.java:57] LiveReload server is running on port 35729
2019-09-11 16:26:18,226 INFO [restartedMain] o.a.c.h.Http11NioProtocol [DirectJDKLog.java:173] Starting ProtocolHandler ["http-nio-8080"]
2019-09-11 16:26:18,233 INFO [restartedMain] o.s.b.w.e.t.TomcatWebServer [TomcatWebServer.java:202] Tomcat started on port(s): 8080 (http) with context path ''
2019-09-11 16:26:18,235 INFO [restartedMain] c.j.c.CommunityApplication [StartupInfoLogger.java:59] Started CommunityApplication in 1.51 seconds (JVM running for 1.89)
2019-09-11 16:26:18,880 INFO [http-nio-8080-exec-1] o.a.c.c.C.[.[.[/] [DirectJDKLog.java:173] Initializing Spring DispatcherServlet 'dispatcherServlet'
2019-09-11 16:26:18,880 INFO [http-nio-8080-exec-1] o.s.w.s.DispatcherServlet [FrameworkServlet.java:524] Initializing Servlet 'dispatcherServlet'
2019-09-11 16:26:18,884 INFO [http-nio-8080-exec-1] o.s.w.s.DispatcherServlet [FrameworkServlet.java:546] Completed initialization in 4 ms
2019-09-11 16:26:18,916 INFO [http-nio-8080-exec-1] c.z.h.HikariDataSource [HikariDataSource.java:110] HikariPool-1 - Starting...
2019-09-11 16:26:18,986 INFO [http-nio-8080-exec-1] c.z.h.HikariDataSource [HikariDataSource.java:123] HikariPool-1 - Start completed.
2019-09-11 16:26:48,510 INFO [Thread-11] o.s.s.c.ThreadPoolTaskExecutor [ExecutorConfigurationSupport.java:208] Shutting down ExecutorService 'applicationTaskExecutor'
2019-09-11 16:26:48,510 INFO [Thread-11] c.z.h.HikariDataSource [HikariDataSource.java:350] HikariPool-1 - Shutdown initiated...
2019-09-11 16:26:48,512 INFO [Thread-11] c.z.h.HikariDataSource [HikariDataSource.java:352] HikariPool-1 - Shutdown completed.
2019-09-11 16:26:50,364 INFO [restartedMain] c.j.c.CommunityApplication [StartupInfoLogger.java:50] Starting CommunityApplication on deep-agent with PID 18048 (/home/agent/workspace/community/target/classes started by agent in /home/agent/workspace/community)
2019-09-11 16:26:50,366 INFO [restartedMain] c.j.c.CommunityApplication [SpringApplication.java:648] No active profile set, falling back to default profiles: default
2019-09-11 16:26:50,393 INFO [restartedMain] o.s.b.d.e.DevToolsPropertyDefaultsPostProcessor [DeferredLog.java:225] Devtools property defaults active! Set 'spring.devtools.add-properties' to 'false' to disable
2019-09-11 16:26:50,393 INFO [restartedMain] o.s.b.d.e.DevToolsPropertyDefaultsPostProcessor [DeferredLog.java:225] For additional web related logging consider setting the 'logging.level.web' property to 'DEBUG'
2019-09-11 16:26:51,080 INFO [restartedMain] o.s.b.w.e.t.TomcatWebServer [TomcatWebServer.java:90] Tomcat initialized with port(s): 8080 (http)
2019-09-11 16:26:51,087 INFO [restartedMain] o.a.c.h.Http11NioProtocol [DirectJDKLog.java:173] Initializing ProtocolHandler ["http-nio-8080"]
2019-09-11 16:26:51,094 INFO [restartedMain] o.a.c.c.StandardService [DirectJDKLog.java:173] Starting service [Tomcat]
2019-09-11 16:26:51,094 INFO [restartedMain] o.a.c.c.StandardEngine [DirectJDKLog.java:173] Starting Servlet engine: [Apache Tomcat/9.0.24]
2019-09-11 16:26:51,130 INFO [restartedMain] o.a.c.c.C.[.[.[/] [DirectJDKLog.java:173] Initializing Spring embedded WebApplicationContext
2019-09-11 16:26:51,131 INFO [restartedMain] o.s.w.c.ContextLoader [ServletWebServerApplicationContext.java:284] Root WebApplicationContext: initialization completed in 737 ms
2019-09-11 16:26:51,455 INFO [restartedMain] o.s.s.c.ThreadPoolTaskExecutor [ExecutorConfigurationSupport.java:171] Initializing ExecutorService 'applicationTaskExecutor'
2019-09-11 16:26:51,495 INFO [restartedMain] o.s.b.a.w.s.WelcomePageHandlerMapping [WelcomePageHandlerMapping.java:58] Adding welcome page template: index
2019-09-11 16:26:51,599 INFO [restartedMain] o.s.b.d.a.OptionalLiveReloadServer [OptionalLiveReloadServer.java:57] LiveReload server is running on port 35729
2019-09-11 16:26:51,619 INFO [restartedMain] o.a.c.h.Http11NioProtocol [DirectJDKLog.java:173] Starting ProtocolHandler ["http-nio-8080"]
2019-09-11 16:26:51,631 INFO [restartedMain] o.s.b.w.e.t.TomcatWebServer [TomcatWebServer.java:202] Tomcat started on port(s): 8080 (http) with context path ''
2019-09-11 16:26:51,632 INFO [restartedMain] c.j.c.CommunityApplication [StartupInfoLogger.java:59] Started CommunityApplication in 1.495 seconds (JVM running for 1.822)
2019-09-11 16:26:52,865 INFO [http-nio-8080-exec-1] o.a.c.c.C.[.[.[/] [DirectJDKLog.java:173] Initializing Spring DispatcherServlet 'dispatcherServlet'
2019-09-11 16:26:52,865 INFO [http-nio-8080-exec-1] o.s.w.s.DispatcherServlet [FrameworkServlet.java:524] Initializing Servlet 'dispatcherServlet'
2019-09-11 16:26:52,868 INFO [http-nio-8080-exec-1] o.s.w.s.DispatcherServlet [FrameworkServlet.java:546] Completed initialization in 3 ms
2019-09-11 16:26:52,897 INFO [http-nio-8080-exec-1] c.z.h.HikariDataSource [HikariDataSource.java:110] HikariPool-1 - Starting...
2019-09-11 16:26:52,952 INFO [http-nio-8080-exec-1] c.z.h.HikariDataSource [HikariDataSource.java:123] HikariPool-1 - Start completed.
