2019-09-13 17:09:57,104 INFO [Thread-8] o.s.s.c.ThreadPoolTaskExecutor [ExecutorConfigurationSupport.java:208] Shutting down ExecutorService 'applicationTaskExecutor'
2019-09-13 17:09:57,124 INFO [Thread-8] c.z.h.HikariDataSource [HikariDataSource.java:350] HikariPool-1 - Shutdown initiated...
2019-09-13 17:09:57,128 INFO [Thread-8] c.z.h.HikariDataSource [HikariDataSource.java:352] HikariPool-1 - Shutdown completed.
2019-09-13 17:09:57,241 INFO [restartedMain] c.j.c.CommunityApplication [StartupInfoLogger.java:50] Starting CommunityApplication on deep-agent with PID 3110 (/home/agent/workspace/community/target/classes started by agent in /home/agent/workspace/community)
2019-09-13 17:09:57,241 INFO [restartedMain] c.j.c.CommunityApplication [SpringApplication.java:648] No active profile set, falling back to default profiles: default
2019-09-13 17:09:57,382 INFO [restartedMain] o.s.b.w.e.t.TomcatWebServer [TomcatWebServer.java:90] Tomcat initialized with port(s): 8080 (http)
2019-09-13 17:09:57,382 INFO [restartedMain] o.a.c.h.Http11NioProtocol [DirectJDKLog.java:173] Initializing ProtocolHandler ["http-nio-8080"]
2019-09-13 17:09:57,383 INFO [restartedMain] o.a.c.c.StandardService [DirectJDKLog.java:173] Starting service [Tomcat]
2019-09-13 17:09:57,383 INFO [restartedMain] o.a.c.c.StandardEngine [DirectJDKLog.java:173] Starting Servlet engine: [Apache Tomcat/9.0.24]
2019-09-13 17:09:57,385 INFO [restartedMain] o.a.c.c.C.[.[.[/] [DirectJDKLog.java:173] Initializing Spring embedded WebApplicationContext
2019-09-13 17:09:57,386 INFO [restartedMain] o.s.w.c.ContextLoader [ServletWebServerApplicationContext.java:284] Root WebApplicationContext: initialization completed in 143 ms
2019-09-13 17:09:57,504 INFO [restartedMain] o.s.s.c.ThreadPoolTaskExecutor [ExecutorConfigurationSupport.java:171] Initializing ExecutorService 'applicationTaskExecutor'
2019-09-13 17:09:57,522 INFO [restartedMain] o.s.b.a.w.s.WelcomePageHandlerMapping [WelcomePageHandlerMapping.java:58] Adding welcome page template: index
2019-09-13 17:09:57,567 INFO [restartedMain] o.s.b.d.a.OptionalLiveReloadServer [OptionalLiveReloadServer.java:57] LiveReload server is running on port 35729
2019-09-13 17:09:57,577 INFO [restartedMain] o.a.c.h.Http11NioProtocol [DirectJDKLog.java:173] Starting ProtocolHandler ["http-nio-8080"]
2019-09-13 17:09:57,578 INFO [restartedMain] o.s.b.w.e.t.TomcatWebServer [TomcatWebServer.java:202] Tomcat started on port(s): 8080 (http) with context path ''
2019-09-13 17:09:57,579 INFO [restartedMain] c.j.c.CommunityApplication [StartupInfoLogger.java:59] Started CommunityApplication in 0.367 seconds (JVM running for 87481.865)
2019-09-13 17:09:57,580 INFO [restartedMain] o.s.b.d.a.ConditionEvaluationDeltaLoggingListener [ConditionEvaluationDeltaLoggingListener.java:63] Condition evaluation unchanged
2019-09-13 17:10:22,001 INFO [main] c.j.c.m.LoginTicketMapperTests [StartupInfoLogger.java:50] Starting LoginTicketMapperTests on deep-agent with PID 22015 (started by agent in /home/agent/workspace/community)
2019-09-13 17:10:22,003 INFO [main] c.j.c.m.LoginTicketMapperTests [SpringApplication.java:648] No active profile set, falling back to default profiles: default
2019-09-13 17:10:23,379 INFO [main] o.s.s.c.ThreadPoolTaskExecutor [ExecutorConfigurationSupport.java:171] Initializing ExecutorService 'applicationTaskExecutor'
2019-09-13 17:10:23,432 INFO [main] o.s.b.a.w.s.WelcomePageHandlerMapping [WelcomePageHandlerMapping.java:58] Adding welcome page template: index
2019-09-13 17:10:23,610 INFO [main] c.j.c.m.LoginTicketMapperTests [StartupInfoLogger.java:59] Started LoginTicketMapperTests in 1.879 seconds (JVM running for 2.324)
2019-09-13 17:10:23,646 INFO [Thread-3] o.s.s.c.ThreadPoolTaskExecutor [ExecutorConfigurationSupport.java:208] Shutting down ExecutorService 'applicationTaskExecutor'
2019-09-13 17:11:29,844 INFO [main] c.j.c.m.LoginTicketMapperTests [StartupInfoLogger.java:50] Starting LoginTicketMapperTests on deep-agent with PID 22090 (started by agent in /home/agent/workspace/community)
2019-09-13 17:11:29,846 INFO [main] c.j.c.m.LoginTicketMapperTests [SpringApplication.java:648] No active profile set, falling back to default profiles: default
2019-09-13 17:11:30,329 INFO [Thread-17] o.s.s.c.ThreadPoolTaskExecutor [ExecutorConfigurationSupport.java:208] Shutting down ExecutorService 'applicationTaskExecutor'
2019-09-13 17:11:30,485 INFO [restartedMain] c.j.c.CommunityApplication [StartupInfoLogger.java:50] Starting CommunityApplication on deep-agent with PID 3110 (/home/agent/workspace/community/target/classes started by agent in /home/agent/workspace/community)
2019-09-13 17:11:30,485 INFO [restartedMain] c.j.c.CommunityApplication [SpringApplication.java:648] No active profile set, falling back to default profiles: default
2019-09-13 17:11:30,626 INFO [restartedMain] o.s.b.w.e.t.TomcatWebServer [TomcatWebServer.java:90] Tomcat initialized with port(s): 8080 (http)
2019-09-13 17:11:30,627 INFO [restartedMain] o.a.c.h.Http11NioProtocol [DirectJDKLog.java:173] Initializing ProtocolHandler ["http-nio-8080"]
2019-09-13 17:11:30,627 INFO [restartedMain] o.a.c.c.StandardService [DirectJDKLog.java:173] Starting service [Tomcat]
2019-09-13 17:11:30,627 INFO [restartedMain] o.a.c.c.StandardEngine [DirectJDKLog.java:173] Starting Servlet engine: [Apache Tomcat/9.0.24]
2019-09-13 17:11:30,630 INFO [restartedMain] o.a.c.c.C.[.[.[/] [DirectJDKLog.java:173] Initializing Spring embedded WebApplicationContext
2019-09-13 17:11:30,630 INFO [restartedMain] o.s.w.c.ContextLoader [ServletWebServerApplicationContext.java:284] Root WebApplicationContext: initialization completed in 143 ms
2019-09-13 17:11:30,756 INFO [restartedMain] o.s.s.c.ThreadPoolTaskExecutor [ExecutorConfigurationSupport.java:171] Initializing ExecutorService 'applicationTaskExecutor'
2019-09-13 17:11:30,765 INFO [restartedMain] o.s.b.a.w.s.WelcomePageHandlerMapping [WelcomePageHandlerMapping.java:58] Adding welcome page template: index
2019-09-13 17:11:30,793 INFO [restartedMain] o.s.b.d.a.OptionalLiveReloadServer [OptionalLiveReloadServer.java:57] LiveReload server is running on port 35729
2019-09-13 17:11:30,801 INFO [restartedMain] o.a.c.h.Http11NioProtocol [DirectJDKLog.java:173] Starting ProtocolHandler ["http-nio-8080"]
2019-09-13 17:11:30,802 INFO [restartedMain] o.s.b.w.e.t.TomcatWebServer [TomcatWebServer.java:202] Tomcat started on port(s): 8080 (http) with context path ''
2019-09-13 17:11:30,802 INFO [restartedMain] c.j.c.CommunityApplication [StartupInfoLogger.java:59] Started CommunityApplication in 0.336 seconds (JVM running for 87575.088)
2019-09-13 17:11:30,804 INFO [restartedMain] o.s.b.d.a.ConditionEvaluationDeltaLoggingListener [ConditionEvaluationDeltaLoggingListener.java:63] Condition evaluation unchanged
2019-09-13 17:11:31,229 INFO [main] o.s.s.c.ThreadPoolTaskExecutor [ExecutorConfigurationSupport.java:171] Initializing ExecutorService 'applicationTaskExecutor'
2019-09-13 17:11:31,282 INFO [main] o.s.b.a.w.s.WelcomePageHandlerMapping [WelcomePageHandlerMapping.java:58] Adding welcome page template: index
2019-09-13 17:11:31,461 INFO [main] c.j.c.m.LoginTicketMapperTests [StartupInfoLogger.java:59] Started LoginTicketMapperTests in 1.861 seconds (JVM running for 2.282)
2019-09-13 17:11:31,568 INFO [main] c.z.h.HikariDataSource [HikariDataSource.java:110] HikariPool-1 - Starting...
2019-09-13 17:11:31,658 INFO [main] c.z.h.HikariDataSource [HikariDataSource.java:123] HikariPool-1 - Start completed.
2019-09-13 17:11:31,706 INFO [Thread-3] o.s.s.c.ThreadPoolTaskExecutor [ExecutorConfigurationSupport.java:208] Shutting down ExecutorService 'applicationTaskExecutor'
2019-09-13 17:11:31,706 INFO [Thread-3] c.z.h.HikariDataSource [HikariDataSource.java:350] HikariPool-1 - Shutdown initiated...
2019-09-13 17:11:31,708 INFO [Thread-3] c.z.h.HikariDataSource [HikariDataSource.java:352] HikariPool-1 - Shutdown completed.
2019-09-13 17:18:36,923 INFO [main] c.j.c.m.LoginTicketMapperTests [StartupInfoLogger.java:50] Starting LoginTicketMapperTests on deep-agent with PID 22229 (started by agent in /home/agent/workspace/community)
2019-09-13 17:18:36,924 INFO [main] c.j.c.m.LoginTicketMapperTests [SpringApplication.java:648] No active profile set, falling back to default profiles: default
2019-09-13 17:18:38,277 INFO [main] o.s.s.c.ThreadPoolTaskExecutor [ExecutorConfigurationSupport.java:171] Initializing ExecutorService 'applicationTaskExecutor'
2019-09-13 17:18:38,342 INFO [main] o.s.b.a.w.s.WelcomePageHandlerMapping [WelcomePageHandlerMapping.java:58] Adding welcome page template: index
2019-09-13 17:18:38,532 INFO [main] c.j.c.m.LoginTicketMapperTests [StartupInfoLogger.java:59] Started LoginTicketMapperTests in 1.879 seconds (JVM running for 2.307)
2019-09-13 17:18:38,635 INFO [main] c.z.h.HikariDataSource [HikariDataSource.java:110] HikariPool-1 - Starting...
2019-09-13 17:18:38,728 INFO [main] c.z.h.HikariDataSource [HikariDataSource.java:123] HikariPool-1 - Start completed.
2019-09-13 17:18:38,792 INFO [Thread-3] o.s.s.c.ThreadPoolTaskExecutor [ExecutorConfigurationSupport.java:208] Shutting down ExecutorService 'applicationTaskExecutor'
2019-09-13 17:18:38,793 INFO [Thread-3] c.z.h.HikariDataSource [HikariDataSource.java:350] HikariPool-1 - Shutdown initiated...
2019-09-13 17:18:38,795 INFO [Thread-3] c.z.h.HikariDataSource [HikariDataSource.java:352] HikariPool-1 - Shutdown completed.
2019-09-13 17:24:38,218 INFO [Thread-23] o.s.s.c.ThreadPoolTaskExecutor [ExecutorConfigurationSupport.java:208] Shutting down ExecutorService 'applicationTaskExecutor'
2019-09-13 17:24:38,361 INFO [restartedMain] c.j.c.CommunityApplication [StartupInfoLogger.java:50] Starting CommunityApplication on deep-agent with PID 3110 (/home/agent/workspace/community/target/classes started by agent in /home/agent/workspace/community)
2019-09-13 17:24:38,361 INFO [restartedMain] c.j.c.CommunityApplication [SpringApplication.java:648] No active profile set, falling back to default profiles: default
2019-09-13 17:24:38,559 INFO [restartedMain] o.s.b.w.e.t.TomcatWebServer [TomcatWebServer.java:90] Tomcat initialized with port(s): 8080 (http)
2019-09-13 17:24:38,560 INFO [restartedMain] o.a.c.h.Http11NioProtocol [DirectJDKLog.java:173] Initializing ProtocolHandler ["http-nio-8080"]
2019-09-13 17:24:38,561 INFO [restartedMain] o.a.c.c.StandardService [DirectJDKLog.java:173] Starting service [Tomcat]
2019-09-13 17:24:38,561 INFO [restartedMain] o.a.c.c.StandardEngine [DirectJDKLog.java:173] Starting Servlet engine: [Apache Tomcat/9.0.24]
2019-09-13 17:24:38,565 INFO [restartedMain] o.a.c.c.C.[.[.[/] [DirectJDKLog.java:173] Initializing Spring embedded WebApplicationContext
2019-09-13 17:24:38,565 INFO [restartedMain] o.s.w.c.ContextLoader [ServletWebServerApplicationContext.java:284] Root WebApplicationContext: initialization completed in 202 ms
2019-09-13 17:24:38,711 INFO [restartedMain] o.s.s.c.ThreadPoolTaskExecutor [ExecutorConfigurationSupport.java:171] Initializing ExecutorService 'applicationTaskExecutor'
2019-09-13 17:24:38,718 INFO [main] c.j.c.m.LoginTicketMapperTests [StartupInfoLogger.java:50] Starting LoginTicketMapperTests on deep-agent with PID 22324 (started by agent in /home/agent/workspace/community)
2019-09-13 17:24:38,720 INFO [main] c.j.c.m.LoginTicketMapperTests [SpringApplication.java:648] No active profile set, falling back to default profiles: default
2019-09-13 17:24:38,725 INFO [restartedMain] o.s.b.a.w.s.WelcomePageHandlerMapping [WelcomePageHandlerMapping.java:58] Adding welcome page template: index
2019-09-13 17:24:38,766 INFO [restartedMain] o.s.b.d.a.OptionalLiveReloadServer [OptionalLiveReloadServer.java:57] LiveReload server is running on port 35729
2019-09-13 17:24:38,776 INFO [restartedMain] o.a.c.h.Http11NioProtocol [DirectJDKLog.java:173] Starting ProtocolHandler ["http-nio-8080"]
2019-09-13 17:24:38,778 INFO [restartedMain] o.s.b.w.e.t.TomcatWebServer [TomcatWebServer.java:202] Tomcat started on port(s): 8080 (http) with context path ''
2019-09-13 17:24:38,778 INFO [restartedMain] c.j.c.CommunityApplication [StartupInfoLogger.java:59] Started CommunityApplication in 0.44 seconds (JVM running for 88363.064)
2019-09-13 17:24:38,780 INFO [restartedMain] o.s.b.d.a.ConditionEvaluationDeltaLoggingListener [ConditionEvaluationDeltaLoggingListener.java:63] Condition evaluation unchanged
2019-09-13 17:24:40,153 INFO [main] o.s.s.c.ThreadPoolTaskExecutor [ExecutorConfigurationSupport.java:171] Initializing ExecutorService 'applicationTaskExecutor'
2019-09-13 17:24:40,207 INFO [main] o.s.b.a.w.s.WelcomePageHandlerMapping [WelcomePageHandlerMapping.java:58] Adding welcome page template: index
2019-09-13 17:24:40,382 INFO [main] c.j.c.m.LoginTicketMapperTests [StartupInfoLogger.java:59] Started LoginTicketMapperTests in 1.949 seconds (JVM running for 2.405)
2019-09-13 17:24:40,484 INFO [main] c.z.h.HikariDataSource [HikariDataSource.java:110] HikariPool-1 - Starting...
2019-09-13 17:24:40,572 INFO [main] c.z.h.HikariDataSource [HikariDataSource.java:123] HikariPool-1 - Start completed.
2019-09-13 17:24:40,643 INFO [Thread-3] o.s.s.c.ThreadPoolTaskExecutor [ExecutorConfigurationSupport.java:208] Shutting down ExecutorService 'applicationTaskExecutor'
2019-09-13 17:24:40,644 INFO [Thread-3] c.z.h.HikariDataSource [HikariDataSource.java:350] HikariPool-1 - Shutdown initiated...
2019-09-13 17:24:40,646 INFO [Thread-3] c.z.h.HikariDataSource [HikariDataSource.java:352] HikariPool-1 - Shutdown completed.
2019-09-13 17:24:47,359 INFO [main] c.j.c.m.LoginTicketMapperTests [StartupInfoLogger.java:50] Starting LoginTicketMapperTests on deep-agent with PID 22405 (started by agent in /home/agent/workspace/community)
2019-09-13 17:24:47,360 INFO [main] c.j.c.m.LoginTicketMapperTests [SpringApplication.java:648] No active profile set, falling back to default profiles: default
2019-09-13 17:24:48,657 INFO [main] o.s.s.c.ThreadPoolTaskExecutor [ExecutorConfigurationSupport.java:171] Initializing ExecutorService 'applicationTaskExecutor'
2019-09-13 17:24:48,714 INFO [main] o.s.b.a.w.s.WelcomePageHandlerMapping [WelcomePageHandlerMapping.java:58] Adding welcome page template: index
2019-09-13 17:24:48,910 INFO [main] c.j.c.m.LoginTicketMapperTests [StartupInfoLogger.java:59] Started LoginTicketMapperTests in 1.814 seconds (JVM running for 2.248)
2019-09-13 17:24:49,015 INFO [main] c.z.h.HikariDataSource [HikariDataSource.java:110] HikariPool-1 - Starting...
2019-09-13 17:24:49,106 INFO [main] c.z.h.HikariDataSource [HikariDataSource.java:123] HikariPool-1 - Start completed.
2019-09-13 17:24:49,186 INFO [Thread-3] o.s.s.c.ThreadPoolTaskExecutor [ExecutorConfigurationSupport.java:208] Shutting down ExecutorService 'applicationTaskExecutor'
2019-09-13 17:24:49,187 INFO [Thread-3] c.z.h.HikariDataSource [HikariDataSource.java:350] HikariPool-1 - Shutdown initiated...
2019-09-13 17:24:49,188 INFO [Thread-3] c.z.h.HikariDataSource [HikariDataSource.java:352] HikariPool-1 - Shutdown completed.
2019-09-13 17:54:43,448 INFO [http-nio-8080-exec-1] o.a.c.c.C.[.[.[/] [DirectJDKLog.java:173] Initializing Spring DispatcherServlet 'dispatcherServlet'
2019-09-13 17:54:43,451 INFO [http-nio-8080-exec-1] o.s.w.s.DispatcherServlet [FrameworkServlet.java:524] Initializing Servlet 'dispatcherServlet'
2019-09-13 17:54:43,459 INFO [http-nio-8080-exec-1] o.s.w.s.DispatcherServlet [FrameworkServlet.java:546] Completed initialization in 8 ms
2019-09-13 17:54:43,460 INFO [http-nio-8080-exec-1] c.z.h.HikariDataSource [HikariDataSource.java:110] HikariPool-2 - Starting...
2019-09-13 17:54:43,461 INFO [http-nio-8080-exec-1] c.z.h.HikariDataSource [HikariDataSource.java:123] HikariPool-2 - Start completed.
