2019-09-16 10:53:37,043 INFO [restartedMain] c.j.c.CommunityApplication [StartupInfoLogger.java:50] Starting CommunityApplication on deep-agent with PID 23559 (/home/agent/workspace/community/target/classes started by agent in /home/agent/workspace/community)
2019-09-16 10:53:37,069 INFO [restartedMain] c.j.c.CommunityApplication [SpringApplication.java:648] No active profile set, falling back to default profiles: default
2019-09-16 10:53:37,100 INFO [restartedMain] o.s.b.d.e.DevToolsPropertyDefaultsPostProcessor [DeferredLog.java:225] Devtools property defaults active! Set 'spring.devtools.add-properties' to 'false' to disable
2019-09-16 10:53:37,100 INFO [restartedMain] o.s.b.d.e.DevToolsPropertyDefaultsPostProcessor [DeferredLog.java:225] For additional web related logging consider setting the 'logging.level.web' property to 'DEBUG'
2019-09-16 10:53:37,838 INFO [restartedMain] o.s.b.w.e.t.TomcatWebServer [TomcatWebServer.java:90] Tomcat initialized with port(s): 8080 (http)
2019-09-16 10:53:37,845 INFO [restartedMain] o.a.c.h.Http11NioProtocol [DirectJDKLog.java:173] Initializing ProtocolHandler ["http-nio-8080"]
2019-09-16 10:53:37,850 INFO [restartedMain] o.a.c.c.StandardService [DirectJDKLog.java:173] Starting service [Tomcat]
2019-09-16 10:53:37,851 INFO [restartedMain] o.a.c.c.StandardEngine [DirectJDKLog.java:173] Starting Servlet engine: [Apache Tomcat/9.0.24]
2019-09-16 10:53:37,889 INFO [restartedMain] o.a.c.c.C.[.[.[/] [DirectJDKLog.java:173] Initializing Spring embedded WebApplicationContext
2019-09-16 10:53:37,889 INFO [restartedMain] o.s.w.c.ContextLoader [ServletWebServerApplicationContext.java:284] Root WebApplicationContext: initialization completed in 789 ms
2019-09-16 10:53:38,226 INFO [restartedMain] o.s.s.c.ThreadPoolTaskExecutor [ExecutorConfigurationSupport.java:171] Initializing ExecutorService 'applicationTaskExecutor'
2019-09-16 10:53:38,261 INFO [restartedMain] o.s.b.a.w.s.WelcomePageHandlerMapping [WelcomePageHandlerMapping.java:58] Adding welcome page template: index
2019-09-16 10:53:38,342 INFO [restartedMain] o.s.b.d.a.OptionalLiveReloadServer [OptionalLiveReloadServer.java:57] LiveReload server is running on port 35729
2019-09-16 10:53:38,360 INFO [restartedMain] o.a.c.h.Http11NioProtocol [DirectJDKLog.java:173] Starting ProtocolHandler ["http-nio-8080"]
2019-09-16 10:53:38,368 INFO [restartedMain] o.s.b.w.e.t.TomcatWebServer [TomcatWebServer.java:202] Tomcat started on port(s): 8080 (http) with context path ''
2019-09-16 10:53:38,370 INFO [restartedMain] c.j.c.CommunityApplication [StartupInfoLogger.java:59] Started CommunityApplication in 1.61 seconds (JVM running for 1.999)
2019-09-16 10:53:46,334 INFO [http-nio-8080-exec-2] o.a.c.c.C.[.[.[/] [DirectJDKLog.java:173] Initializing Spring DispatcherServlet 'dispatcherServlet'
2019-09-16 10:53:46,335 INFO [http-nio-8080-exec-2] o.s.w.s.DispatcherServlet [FrameworkServlet.java:524] Initializing Servlet 'dispatcherServlet'
2019-09-16 10:53:46,338 INFO [http-nio-8080-exec-2] o.s.w.s.DispatcherServlet [FrameworkServlet.java:546] Completed initialization in 3 ms
2019-09-16 10:53:46,356 INFO [http-nio-8080-exec-2] c.z.h.HikariDataSource [HikariDataSource.java:110] HikariPool-1 - Starting...
2019-09-16 10:53:46,420 INFO [http-nio-8080-exec-2] c.z.h.HikariDataSource [HikariDataSource.java:123] HikariPool-1 - Start completed.
2019-09-16 10:54:57,699 INFO [Thread-11] o.s.s.c.ThreadPoolTaskExecutor [ExecutorConfigurationSupport.java:208] Shutting down ExecutorService 'applicationTaskExecutor'
2019-09-16 10:54:57,700 INFO [Thread-11] c.z.h.HikariDataSource [HikariDataSource.java:350] HikariPool-1 - Shutdown initiated...
2019-09-16 10:54:57,704 INFO [Thread-11] c.z.h.HikariDataSource [HikariDataSource.java:352] HikariPool-1 - Shutdown completed.
2019-09-16 10:54:59,985 INFO [restartedMain] c.j.c.CommunityApplication [StartupInfoLogger.java:50] Starting CommunityApplication on deep-agent with PID 23744 (/home/agent/workspace/community/target/classes started by agent in /home/agent/workspace/community)
2019-09-16 10:54:59,987 INFO [restartedMain] c.j.c.CommunityApplication [SpringApplication.java:648] No active profile set, falling back to default profiles: default
2019-09-16 10:55:00,013 INFO [restartedMain] o.s.b.d.e.DevToolsPropertyDefaultsPostProcessor [DeferredLog.java:225] Devtools property defaults active! Set 'spring.devtools.add-properties' to 'false' to disable
2019-09-16 10:55:00,013 INFO [restartedMain] o.s.b.d.e.DevToolsPropertyDefaultsPostProcessor [DeferredLog.java:225] For additional web related logging consider setting the 'logging.level.web' property to 'DEBUG'
2019-09-16 10:55:00,762 INFO [restartedMain] o.s.b.w.e.t.TomcatWebServer [TomcatWebServer.java:90] Tomcat initialized with port(s): 8080 (http)
2019-09-16 10:55:00,770 INFO [restartedMain] o.a.c.h.Http11NioProtocol [DirectJDKLog.java:173] Initializing ProtocolHandler ["http-nio-8080"]
2019-09-16 10:55:00,775 INFO [restartedMain] o.a.c.c.StandardService [DirectJDKLog.java:173] Starting service [Tomcat]
2019-09-16 10:55:00,775 INFO [restartedMain] o.a.c.c.StandardEngine [DirectJDKLog.java:173] Starting Servlet engine: [Apache Tomcat/9.0.24]
2019-09-16 10:55:00,814 INFO [restartedMain] o.a.c.c.C.[.[.[/] [DirectJDKLog.java:173] Initializing Spring embedded WebApplicationContext
2019-09-16 10:55:00,814 INFO [restartedMain] o.s.w.c.ContextLoader [ServletWebServerApplicationContext.java:284] Root WebApplicationContext: initialization completed in 800 ms
2019-09-16 10:55:01,170 INFO [restartedMain] o.s.s.c.ThreadPoolTaskExecutor [ExecutorConfigurationSupport.java:171] Initializing ExecutorService 'applicationTaskExecutor'
2019-09-16 10:55:01,205 INFO [restartedMain] o.s.b.a.w.s.WelcomePageHandlerMapping [WelcomePageHandlerMapping.java:58] Adding welcome page template: index
2019-09-16 10:55:01,283 INFO [restartedMain] o.s.b.d.a.OptionalLiveReloadServer [OptionalLiveReloadServer.java:57] LiveReload server is running on port 35729
2019-09-16 10:55:01,301 INFO [restartedMain] o.a.c.h.Http11NioProtocol [DirectJDKLog.java:173] Starting ProtocolHandler ["http-nio-8080"]
2019-09-16 10:55:01,309 INFO [restartedMain] o.s.b.w.e.t.TomcatWebServer [TomcatWebServer.java:202] Tomcat started on port(s): 8080 (http) with context path ''
2019-09-16 10:55:01,311 INFO [restartedMain] c.j.c.CommunityApplication [StartupInfoLogger.java:59] Started CommunityApplication in 1.606 seconds (JVM running for 1.988)
2019-09-16 10:55:04,409 INFO [http-nio-8080-exec-1] o.a.c.c.C.[.[.[/] [DirectJDKLog.java:173] Initializing Spring DispatcherServlet 'dispatcherServlet'
2019-09-16 10:55:04,409 INFO [http-nio-8080-exec-1] o.s.w.s.DispatcherServlet [FrameworkServlet.java:524] Initializing Servlet 'dispatcherServlet'
2019-09-16 10:55:04,412 INFO [http-nio-8080-exec-1] o.s.w.s.DispatcherServlet [FrameworkServlet.java:546] Completed initialization in 3 ms
2019-09-16 10:55:04,428 INFO [http-nio-8080-exec-1] c.z.h.HikariDataSource [HikariDataSource.java:110] HikariPool-1 - Starting...
2019-09-16 10:55:04,491 INFO [http-nio-8080-exec-1] c.z.h.HikariDataSource [HikariDataSource.java:123] HikariPool-1 - Start completed.
2019-09-16 12:01:47,206 INFO [Thread-11] o.s.s.c.ThreadPoolTaskExecutor [ExecutorConfigurationSupport.java:208] Shutting down ExecutorService 'applicationTaskExecutor'
2019-09-16 12:01:47,207 INFO [Thread-11] c.z.h.HikariDataSource [HikariDataSource.java:350] HikariPool-1 - Shutdown initiated...
2019-09-16 12:01:47,210 INFO [Thread-11] c.z.h.HikariDataSource [HikariDataSource.java:352] HikariPool-1 - Shutdown completed.
2019-09-16 12:01:50,967 INFO [restartedMain] c.j.c.CommunityApplication [StartupInfoLogger.java:50] Starting CommunityApplication on deep-agent with PID 25968 (/home/agent/workspace/community/target/classes started by agent in /home/agent/workspace/community)
2019-09-16 12:01:50,969 INFO [restartedMain] c.j.c.CommunityApplication [SpringApplication.java:648] No active profile set, falling back to default profiles: default
2019-09-16 12:01:50,996 INFO [restartedMain] o.s.b.d.e.DevToolsPropertyDefaultsPostProcessor [DeferredLog.java:225] Devtools property defaults active! Set 'spring.devtools.add-properties' to 'false' to disable
2019-09-16 12:01:50,996 INFO [restartedMain] o.s.b.d.e.DevToolsPropertyDefaultsPostProcessor [DeferredLog.java:225] For additional web related logging consider setting the 'logging.level.web' property to 'DEBUG'
2019-09-16 12:02:03,275 INFO [restartedMain] c.j.c.CommunityApplication [StartupInfoLogger.java:50] Starting CommunityApplication on deep-agent with PID 26049 (/home/agent/workspace/community/target/classes started by agent in /home/agent/workspace/community)
2019-09-16 12:02:03,277 INFO [restartedMain] c.j.c.CommunityApplication [SpringApplication.java:648] No active profile set, falling back to default profiles: default
2019-09-16 12:02:03,307 INFO [restartedMain] o.s.b.d.e.DevToolsPropertyDefaultsPostProcessor [DeferredLog.java:225] Devtools property defaults active! Set 'spring.devtools.add-properties' to 'false' to disable
2019-09-16 12:02:03,307 INFO [restartedMain] o.s.b.d.e.DevToolsPropertyDefaultsPostProcessor [DeferredLog.java:225] For additional web related logging consider setting the 'logging.level.web' property to 'DEBUG'
2019-09-16 12:02:07,071 INFO [restartedMain] c.j.c.CommunityApplication [StartupInfoLogger.java:50] Starting CommunityApplication on deep-agent with PID 26123 (/home/agent/workspace/community/target/classes started by agent in /home/agent/workspace/community)
2019-09-16 12:02:07,074 INFO [restartedMain] c.j.c.CommunityApplication [SpringApplication.java:648] No active profile set, falling back to default profiles: default
2019-09-16 12:02:07,105 INFO [restartedMain] o.s.b.d.e.DevToolsPropertyDefaultsPostProcessor [DeferredLog.java:225] Devtools property defaults active! Set 'spring.devtools.add-properties' to 'false' to disable
2019-09-16 12:02:07,106 INFO [restartedMain] o.s.b.d.e.DevToolsPropertyDefaultsPostProcessor [DeferredLog.java:225] For additional web related logging consider setting the 'logging.level.web' property to 'DEBUG'
2019-09-16 12:02:07,898 INFO [restartedMain] o.s.b.w.e.t.TomcatWebServer [TomcatWebServer.java:90] Tomcat initialized with port(s): 8080 (http)
2019-09-16 12:02:07,906 INFO [restartedMain] o.a.c.h.Http11NioProtocol [DirectJDKLog.java:173] Initializing ProtocolHandler ["http-nio-8080"]
2019-09-16 12:02:07,911 INFO [restartedMain] o.a.c.c.StandardService [DirectJDKLog.java:173] Starting service [Tomcat]
2019-09-16 12:02:07,911 INFO [restartedMain] o.a.c.c.StandardEngine [DirectJDKLog.java:173] Starting Servlet engine: [Apache Tomcat/9.0.24]
2019-09-16 12:02:07,950 INFO [restartedMain] o.a.c.c.C.[.[.[/] [DirectJDKLog.java:173] Initializing Spring embedded WebApplicationContext
2019-09-16 12:02:07,950 INFO [restartedMain] o.s.w.c.ContextLoader [ServletWebServerApplicationContext.java:284] Root WebApplicationContext: initialization completed in 844 ms
2019-09-16 12:02:08,287 INFO [restartedMain] o.s.s.c.ThreadPoolTaskExecutor [ExecutorConfigurationSupport.java:171] Initializing ExecutorService 'applicationTaskExecutor'
2019-09-16 12:02:08,325 INFO [restartedMain] o.s.b.a.w.s.WelcomePageHandlerMapping [WelcomePageHandlerMapping.java:58] Adding welcome page template: index
2019-09-16 12:02:08,415 INFO [restartedMain] o.s.b.d.a.OptionalLiveReloadServer [OptionalLiveReloadServer.java:57] LiveReload server is running on port 35729
2019-09-16 12:02:08,433 INFO [restartedMain] o.a.c.h.Http11NioProtocol [DirectJDKLog.java:173] Starting ProtocolHandler ["http-nio-8080"]
2019-09-16 12:02:08,441 INFO [restartedMain] o.s.b.w.e.t.TomcatWebServer [TomcatWebServer.java:202] Tomcat started on port(s): 8080 (http) with context path ''
2019-09-16 12:02:08,443 INFO [restartedMain] c.j.c.CommunityApplication [StartupInfoLogger.java:59] Started CommunityApplication in 1.635 seconds (JVM running for 1.978)
2019-09-16 12:02:17,580 INFO [http-nio-8080-exec-1] o.a.c.c.C.[.[.[/] [DirectJDKLog.java:173] Initializing Spring DispatcherServlet 'dispatcherServlet'
2019-09-16 12:02:17,580 INFO [http-nio-8080-exec-1] o.s.w.s.DispatcherServlet [FrameworkServlet.java:524] Initializing Servlet 'dispatcherServlet'
2019-09-16 12:02:17,583 INFO [http-nio-8080-exec-1] o.s.w.s.DispatcherServlet [FrameworkServlet.java:546] Completed initialization in 3 ms
2019-09-16 12:02:17,599 INFO [http-nio-8080-exec-1] c.z.h.HikariDataSource [HikariDataSource.java:110] HikariPool-1 - Starting...
2019-09-16 12:02:17,660 INFO [http-nio-8080-exec-1] c.z.h.HikariDataSource [HikariDataSource.java:123] HikariPool-1 - Start completed.
2019-09-16 12:07:56,627 INFO [Thread-11] o.s.s.c.ThreadPoolTaskExecutor [ExecutorConfigurationSupport.java:208] Shutting down ExecutorService 'applicationTaskExecutor'
2019-09-16 12:07:56,628 INFO [Thread-11] c.z.h.HikariDataSource [HikariDataSource.java:350] HikariPool-1 - Shutdown initiated...
2019-09-16 12:07:56,630 INFO [Thread-11] c.z.h.HikariDataSource [HikariDataSource.java:352] HikariPool-1 - Shutdown completed.
2019-09-16 12:07:58,606 INFO [restartedMain] c.j.c.CommunityApplication [StartupInfoLogger.java:50] Starting CommunityApplication on deep-agent with PID 26289 (/home/agent/workspace/community/target/classes started by agent in /home/agent/workspace/community)
2019-09-16 12:07:58,608 INFO [restartedMain] c.j.c.CommunityApplication [SpringApplication.java:648] No active profile set, falling back to default profiles: default
2019-09-16 12:07:58,639 INFO [restartedMain] o.s.b.d.e.DevToolsPropertyDefaultsPostProcessor [DeferredLog.java:225] Devtools property defaults active! Set 'spring.devtools.add-properties' to 'false' to disable
2019-09-16 12:07:58,639 INFO [restartedMain] o.s.b.d.e.DevToolsPropertyDefaultsPostProcessor [DeferredLog.java:225] For additional web related logging consider setting the 'logging.level.web' property to 'DEBUG'
2019-09-16 12:07:59,387 INFO [restartedMain] o.s.b.w.e.t.TomcatWebServer [TomcatWebServer.java:90] Tomcat initialized with port(s): 8080 (http)
2019-09-16 12:07:59,395 INFO [restartedMain] o.a.c.h.Http11NioProtocol [DirectJDKLog.java:173] Initializing ProtocolHandler ["http-nio-8080"]
2019-09-16 12:07:59,400 INFO [restartedMain] o.a.c.c.StandardService [DirectJDKLog.java:173] Starting service [Tomcat]
2019-09-16 12:07:59,400 INFO [restartedMain] o.a.c.c.StandardEngine [DirectJDKLog.java:173] Starting Servlet engine: [Apache Tomcat/9.0.24]
2019-09-16 12:07:59,439 INFO [restartedMain] o.a.c.c.C.[.[.[/] [DirectJDKLog.java:173] Initializing Spring embedded WebApplicationContext
2019-09-16 12:07:59,439 INFO [restartedMain] o.s.w.c.ContextLoader [ServletWebServerApplicationContext.java:284] Root WebApplicationContext: initialization completed in 799 ms
2019-09-16 12:07:59,792 INFO [restartedMain] o.s.s.c.ThreadPoolTaskExecutor [ExecutorConfigurationSupport.java:171] Initializing ExecutorService 'applicationTaskExecutor'
2019-09-16 12:07:59,831 INFO [restartedMain] o.s.b.a.w.s.WelcomePageHandlerMapping [WelcomePageHandlerMapping.java:58] Adding welcome page template: index
2019-09-16 12:07:59,909 INFO [restartedMain] o.s.b.d.a.OptionalLiveReloadServer [OptionalLiveReloadServer.java:57] LiveReload server is running on port 35729
2019-09-16 12:07:59,928 INFO [restartedMain] o.a.c.h.Http11NioProtocol [DirectJDKLog.java:173] Starting ProtocolHandler ["http-nio-8080"]
2019-09-16 12:07:59,937 INFO [restartedMain] o.s.b.w.e.t.TomcatWebServer [TomcatWebServer.java:202] Tomcat started on port(s): 8080 (http) with context path ''
2019-09-16 12:07:59,939 INFO [restartedMain] c.j.c.CommunityApplication [StartupInfoLogger.java:59] Started CommunityApplication in 1.597 seconds (JVM running for 1.984)
2019-09-16 12:08:08,265 INFO [http-nio-8080-exec-1] o.a.c.c.C.[.[.[/] [DirectJDKLog.java:173] Initializing Spring DispatcherServlet 'dispatcherServlet'
2019-09-16 12:08:08,266 INFO [http-nio-8080-exec-1] o.s.w.s.DispatcherServlet [FrameworkServlet.java:524] Initializing Servlet 'dispatcherServlet'
2019-09-16 12:08:08,269 INFO [http-nio-8080-exec-1] o.s.w.s.DispatcherServlet [FrameworkServlet.java:546] Completed initialization in 3 ms
2019-09-16 12:08:08,285 INFO [http-nio-8080-exec-1] c.z.h.HikariDataSource [HikariDataSource.java:110] HikariPool-1 - Starting...
2019-09-16 12:08:08,343 INFO [http-nio-8080-exec-1] c.z.h.HikariDataSource [HikariDataSource.java:123] HikariPool-1 - Start completed.
2019-09-16 12:09:03,471 INFO [Thread-11] o.s.s.c.ThreadPoolTaskExecutor [ExecutorConfigurationSupport.java:208] Shutting down ExecutorService 'applicationTaskExecutor'
2019-09-16 12:09:03,472 INFO [Thread-11] c.z.h.HikariDataSource [HikariDataSource.java:350] HikariPool-1 - Shutdown initiated...
2019-09-16 12:09:03,475 INFO [Thread-11] c.z.h.HikariDataSource [HikariDataSource.java:352] HikariPool-1 - Shutdown completed.
2019-09-16 12:09:05,446 INFO [restartedMain] c.j.c.CommunityApplication [StartupInfoLogger.java:50] Starting CommunityApplication on deep-agent with PID 26404 (/home/agent/workspace/community/target/classes started by agent in /home/agent/workspace/community)
2019-09-16 12:09:05,448 INFO [restartedMain] c.j.c.CommunityApplication [SpringApplication.java:648] No active profile set, falling back to default profiles: default
2019-09-16 12:09:05,477 INFO [restartedMain] o.s.b.d.e.DevToolsPropertyDefaultsPostProcessor [DeferredLog.java:225] Devtools property defaults active! Set 'spring.devtools.add-properties' to 'false' to disable
2019-09-16 12:09:05,477 INFO [restartedMain] o.s.b.d.e.DevToolsPropertyDefaultsPostProcessor [DeferredLog.java:225] For additional web related logging consider setting the 'logging.level.web' property to 'DEBUG'
2019-09-16 12:09:06,208 INFO [restartedMain] o.s.b.w.e.t.TomcatWebServer [TomcatWebServer.java:90] Tomcat initialized with port(s): 8080 (http)
2019-09-16 12:09:06,216 INFO [restartedMain] o.a.c.h.Http11NioProtocol [DirectJDKLog.java:173] Initializing ProtocolHandler ["http-nio-8080"]
2019-09-16 12:09:06,221 INFO [restartedMain] o.a.c.c.StandardService [DirectJDKLog.java:173] Starting service [Tomcat]
2019-09-16 12:09:06,221 INFO [restartedMain] o.a.c.c.StandardEngine [DirectJDKLog.java:173] Starting Servlet engine: [Apache Tomcat/9.0.24]
2019-09-16 12:09:06,260 INFO [restartedMain] o.a.c.c.C.[.[.[/] [DirectJDKLog.java:173] Initializing Spring embedded WebApplicationContext
2019-09-16 12:09:06,260 INFO [restartedMain] o.s.w.c.ContextLoader [ServletWebServerApplicationContext.java:284] Root WebApplicationContext: initialization completed in 783 ms
2019-09-16 12:09:06,596 INFO [restartedMain] o.s.s.c.ThreadPoolTaskExecutor [ExecutorConfigurationSupport.java:171] Initializing ExecutorService 'applicationTaskExecutor'
2019-09-16 12:09:06,632 INFO [restartedMain] o.s.b.a.w.s.WelcomePageHandlerMapping [WelcomePageHandlerMapping.java:58] Adding welcome page template: index
2019-09-16 12:09:06,709 INFO [restartedMain] o.s.b.d.a.OptionalLiveReloadServer [OptionalLiveReloadServer.java:57] LiveReload server is running on port 35729
2019-09-16 12:09:06,726 INFO [restartedMain] o.a.c.h.Http11NioProtocol [DirectJDKLog.java:173] Starting ProtocolHandler ["http-nio-8080"]
2019-09-16 12:09:06,734 INFO [restartedMain] o.s.b.w.e.t.TomcatWebServer [TomcatWebServer.java:202] Tomcat started on port(s): 8080 (http) with context path ''
2019-09-16 12:09:06,736 INFO [restartedMain] c.j.c.CommunityApplication [StartupInfoLogger.java:59] Started CommunityApplication in 1.574 seconds (JVM running for 1.951)
2019-09-16 12:09:06,863 INFO [http-nio-8080-exec-1] o.a.c.c.C.[.[.[/] [DirectJDKLog.java:173] Initializing Spring DispatcherServlet 'dispatcherServlet'
2019-09-16 12:09:06,863 INFO [http-nio-8080-exec-1] o.s.w.s.DispatcherServlet [FrameworkServlet.java:524] Initializing Servlet 'dispatcherServlet'
2019-09-16 12:09:06,867 INFO [http-nio-8080-exec-1] o.s.w.s.DispatcherServlet [FrameworkServlet.java:546] Completed initialization in 4 ms
2019-09-16 12:09:06,884 INFO [http-nio-8080-exec-1] c.z.h.HikariDataSource [HikariDataSource.java:110] HikariPool-1 - Starting...
2019-09-16 12:09:06,943 INFO [http-nio-8080-exec-1] c.z.h.HikariDataSource [HikariDataSource.java:123] HikariPool-1 - Start completed.
2019-09-16 12:09:47,226 INFO [Thread-11] o.s.s.c.ThreadPoolTaskExecutor [ExecutorConfigurationSupport.java:208] Shutting down ExecutorService 'applicationTaskExecutor'
2019-09-16 12:09:47,227 INFO [Thread-11] c.z.h.HikariDataSource [HikariDataSource.java:350] HikariPool-1 - Shutdown initiated...
2019-09-16 12:09:47,228 INFO [Thread-11] c.z.h.HikariDataSource [HikariDataSource.java:352] HikariPool-1 - Shutdown completed.
2019-09-16 12:09:48,965 INFO [restartedMain] c.j.c.CommunityApplication [StartupInfoLogger.java:50] Starting CommunityApplication on deep-agent with PID 26526 (/home/agent/workspace/community/target/classes started by agent in /home/agent/workspace/community)
2019-09-16 12:09:48,967 INFO [restartedMain] c.j.c.CommunityApplication [SpringApplication.java:648] No active profile set, falling back to default profiles: default
2019-09-16 12:09:48,999 INFO [restartedMain] o.s.b.d.e.DevToolsPropertyDefaultsPostProcessor [DeferredLog.java:225] Devtools property defaults active! Set 'spring.devtools.add-properties' to 'false' to disable
2019-09-16 12:09:48,999 INFO [restartedMain] o.s.b.d.e.DevToolsPropertyDefaultsPostProcessor [DeferredLog.java:225] For additional web related logging consider setting the 'logging.level.web' property to 'DEBUG'
2019-09-16 12:09:49,731 INFO [restartedMain] o.s.b.w.e.t.TomcatWebServer [TomcatWebServer.java:90] Tomcat initialized with port(s): 8080 (http)
2019-09-16 12:09:49,739 INFO [restartedMain] o.a.c.h.Http11NioProtocol [DirectJDKLog.java:173] Initializing ProtocolHandler ["http-nio-8080"]
2019-09-16 12:09:49,744 INFO [restartedMain] o.a.c.c.StandardService [DirectJDKLog.java:173] Starting service [Tomcat]
2019-09-16 12:09:49,744 INFO [restartedMain] o.a.c.c.StandardEngine [DirectJDKLog.java:173] Starting Servlet engine: [Apache Tomcat/9.0.24]
2019-09-16 12:09:49,789 INFO [restartedMain] o.a.c.c.C.[.[.[/] [DirectJDKLog.java:173] Initializing Spring embedded WebApplicationContext
2019-09-16 12:09:49,790 INFO [restartedMain] o.s.w.c.ContextLoader [ServletWebServerApplicationContext.java:284] Root WebApplicationContext: initialization completed in 791 ms
2019-09-16 12:09:50,124 INFO [restartedMain] o.s.s.c.ThreadPoolTaskExecutor [ExecutorConfigurationSupport.java:171] Initializing ExecutorService 'applicationTaskExecutor'
2019-09-16 12:09:50,159 INFO [restartedMain] o.s.b.a.w.s.WelcomePageHandlerMapping [WelcomePageHandlerMapping.java:58] Adding welcome page template: index
2019-09-16 12:09:50,239 INFO [restartedMain] o.s.b.d.a.OptionalLiveReloadServer [OptionalLiveReloadServer.java:57] LiveReload server is running on port 35729
2019-09-16 12:09:50,257 INFO [restartedMain] o.a.c.h.Http11NioProtocol [DirectJDKLog.java:173] Starting ProtocolHandler ["http-nio-8080"]
2019-09-16 12:09:50,265 INFO [restartedMain] o.s.b.w.e.t.TomcatWebServer [TomcatWebServer.java:202] Tomcat started on port(s): 8080 (http) with context path ''
2019-09-16 12:09:50,267 INFO [restartedMain] c.j.c.CommunityApplication [StartupInfoLogger.java:59] Started CommunityApplication in 1.559 seconds (JVM running for 1.932)
2019-09-16 12:09:51,259 INFO [http-nio-8080-exec-1] o.a.c.c.C.[.[.[/] [DirectJDKLog.java:173] Initializing Spring DispatcherServlet 'dispatcherServlet'
2019-09-16 12:09:51,259 INFO [http-nio-8080-exec-1] o.s.w.s.DispatcherServlet [FrameworkServlet.java:524] Initializing Servlet 'dispatcherServlet'
2019-09-16 12:09:51,266 INFO [http-nio-8080-exec-1] o.s.w.s.DispatcherServlet [FrameworkServlet.java:546] Completed initialization in 7 ms
2019-09-16 12:09:53,009 INFO [http-nio-8080-exec-4] c.z.h.HikariDataSource [HikariDataSource.java:110] HikariPool-1 - Starting...
2019-09-16 12:09:53,080 INFO [http-nio-8080-exec-4] c.z.h.HikariDataSource [HikariDataSource.java:123] HikariPool-1 - Start completed.
2019-09-16 12:11:41,824 INFO [Thread-11] o.s.s.c.ThreadPoolTaskExecutor [ExecutorConfigurationSupport.java:208] Shutting down ExecutorService 'applicationTaskExecutor'
2019-09-16 12:11:41,824 INFO [Thread-11] c.z.h.HikariDataSource [HikariDataSource.java:350] HikariPool-1 - Shutdown initiated...
2019-09-16 12:11:41,828 INFO [Thread-11] c.z.h.HikariDataSource [HikariDataSource.java:352] HikariPool-1 - Shutdown completed.
2019-09-16 12:11:43,667 INFO [restartedMain] c.j.c.CommunityApplication [StartupInfoLogger.java:50] Starting CommunityApplication on deep-agent with PID 26737 (/home/agent/workspace/community/target/classes started by agent in /home/agent/workspace/community)
2019-09-16 12:11:43,670 INFO [restartedMain] c.j.c.CommunityApplication [SpringApplication.java:648] No active profile set, falling back to default profiles: default
2019-09-16 12:11:43,697 INFO [restartedMain] o.s.b.d.e.DevToolsPropertyDefaultsPostProcessor [DeferredLog.java:225] Devtools property defaults active! Set 'spring.devtools.add-properties' to 'false' to disable
2019-09-16 12:11:43,697 INFO [restartedMain] o.s.b.d.e.DevToolsPropertyDefaultsPostProcessor [DeferredLog.java:225] For additional web related logging consider setting the 'logging.level.web' property to 'DEBUG'
2019-09-16 12:11:44,470 INFO [restartedMain] o.s.b.w.e.t.TomcatWebServer [TomcatWebServer.java:90] Tomcat initialized with port(s): 8080 (http)
2019-09-16 12:11:44,477 INFO [restartedMain] o.a.c.h.Http11NioProtocol [DirectJDKLog.java:173] Initializing ProtocolHandler ["http-nio-8080"]
2019-09-16 12:11:44,482 INFO [restartedMain] o.a.c.c.StandardService [DirectJDKLog.java:173] Starting service [Tomcat]
2019-09-16 12:11:44,482 INFO [restartedMain] o.a.c.c.StandardEngine [DirectJDKLog.java:173] Starting Servlet engine: [Apache Tomcat/9.0.24]
2019-09-16 12:11:44,521 INFO [restartedMain] o.a.c.c.C.[.[.[/] [DirectJDKLog.java:173] Initializing Spring embedded WebApplicationContext
2019-09-16 12:11:44,521 INFO [restartedMain] o.s.w.c.ContextLoader [ServletWebServerApplicationContext.java:284] Root WebApplicationContext: initialization completed in 824 ms
2019-09-16 12:11:44,854 INFO [restartedMain] o.s.s.c.ThreadPoolTaskExecutor [ExecutorConfigurationSupport.java:171] Initializing ExecutorService 'applicationTaskExecutor'
2019-09-16 12:11:44,890 INFO [restartedMain] o.s.b.a.w.s.WelcomePageHandlerMapping [WelcomePageHandlerMapping.java:58] Adding welcome page template: index
2019-09-16 12:11:44,966 INFO [restartedMain] o.s.b.d.a.OptionalLiveReloadServer [OptionalLiveReloadServer.java:57] LiveReload server is running on port 35729
2019-09-16 12:11:44,983 INFO [restartedMain] o.a.c.h.Http11NioProtocol [DirectJDKLog.java:173] Starting ProtocolHandler ["http-nio-8080"]
2019-09-16 12:11:44,991 INFO [restartedMain] o.s.b.w.e.t.TomcatWebServer [TomcatWebServer.java:202] Tomcat started on port(s): 8080 (http) with context path ''
2019-09-16 12:11:44,993 INFO [restartedMain] c.j.c.CommunityApplication [StartupInfoLogger.java:59] Started CommunityApplication in 1.602 seconds (JVM running for 1.965)
2019-09-16 12:11:51,229 INFO [http-nio-8080-exec-1] o.a.c.c.C.[.[.[/] [DirectJDKLog.java:173] Initializing Spring DispatcherServlet 'dispatcherServlet'
2019-09-16 12:11:51,230 INFO [http-nio-8080-exec-1] o.s.w.s.DispatcherServlet [FrameworkServlet.java:524] Initializing Servlet 'dispatcherServlet'
2019-09-16 12:11:51,233 INFO [http-nio-8080-exec-1] o.s.w.s.DispatcherServlet [FrameworkServlet.java:546] Completed initialization in 3 ms
2019-09-16 12:11:53,893 INFO [http-nio-8080-exec-4] c.z.h.HikariDataSource [HikariDataSource.java:110] HikariPool-1 - Starting...
2019-09-16 12:11:53,952 INFO [http-nio-8080-exec-4] c.z.h.HikariDataSource [HikariDataSource.java:123] HikariPool-1 - Start completed.
2019-09-16 12:15:29,690 INFO [Thread-11] o.s.s.c.ThreadPoolTaskExecutor [ExecutorConfigurationSupport.java:208] Shutting down ExecutorService 'applicationTaskExecutor'
2019-09-16 12:15:29,691 INFO [Thread-11] c.z.h.HikariDataSource [HikariDataSource.java:350] HikariPool-1 - Shutdown initiated...
2019-09-16 12:15:29,694 INFO [Thread-11] c.z.h.HikariDataSource [HikariDataSource.java:352] HikariPool-1 - Shutdown completed.
2019-09-16 12:15:39,985 INFO [restartedMain] c.j.c.CommunityApplication [StartupInfoLogger.java:50] Starting CommunityApplication on deep-agent with PID 26941 (/home/agent/workspace/community/target/classes started by agent in /home/agent/workspace/community)
2019-09-16 12:15:39,987 INFO [restartedMain] c.j.c.CommunityApplication [SpringApplication.java:648] No active profile set, falling back to default profiles: default
2019-09-16 12:15:40,014 INFO [restartedMain] o.s.b.d.e.DevToolsPropertyDefaultsPostProcessor [DeferredLog.java:225] Devtools property defaults active! Set 'spring.devtools.add-properties' to 'false' to disable
2019-09-16 12:15:40,015 INFO [restartedMain] o.s.b.d.e.DevToolsPropertyDefaultsPostProcessor [DeferredLog.java:225] For additional web related logging consider setting the 'logging.level.web' property to 'DEBUG'
2019-09-16 12:15:40,857 INFO [restartedMain] o.s.b.w.e.t.TomcatWebServer [TomcatWebServer.java:90] Tomcat initialized with port(s): 8080 (http)
2019-09-16 12:15:40,865 INFO [restartedMain] o.a.c.h.Http11NioProtocol [DirectJDKLog.java:173] Initializing ProtocolHandler ["http-nio-8080"]
2019-09-16 12:15:40,871 INFO [restartedMain] o.a.c.c.StandardService [DirectJDKLog.java:173] Starting service [Tomcat]
2019-09-16 12:15:40,871 INFO [restartedMain] o.a.c.c.StandardEngine [DirectJDKLog.java:173] Starting Servlet engine: [Apache Tomcat/9.0.24]
2019-09-16 12:15:40,913 INFO [restartedMain] o.a.c.c.C.[.[.[/] [DirectJDKLog.java:173] Initializing Spring embedded WebApplicationContext
2019-09-16 12:15:40,913 INFO [restartedMain] o.s.w.c.ContextLoader [ServletWebServerApplicationContext.java:284] Root WebApplicationContext: initialization completed in 898 ms
2019-09-16 12:15:41,297 INFO [restartedMain] o.s.s.c.ThreadPoolTaskExecutor [ExecutorConfigurationSupport.java:171] Initializing ExecutorService 'applicationTaskExecutor'
2019-09-16 12:15:41,341 INFO [restartedMain] o.s.b.a.w.s.WelcomePageHandlerMapping [WelcomePageHandlerMapping.java:58] Adding welcome page template: index
2019-09-16 12:15:41,422 INFO [restartedMain] o.s.b.d.a.OptionalLiveReloadServer [OptionalLiveReloadServer.java:57] LiveReload server is running on port 35729
2019-09-16 12:15:41,439 INFO [restartedMain] o.a.c.h.Http11NioProtocol [DirectJDKLog.java:173] Starting ProtocolHandler ["http-nio-8080"]
2019-09-16 12:15:41,447 INFO [restartedMain] o.s.b.w.e.t.TomcatWebServer [TomcatWebServer.java:202] Tomcat started on port(s): 8080 (http) with context path ''
2019-09-16 12:15:41,449 INFO [restartedMain] c.j.c.CommunityApplication [StartupInfoLogger.java:59] Started CommunityApplication in 1.749 seconds (JVM running for 2.118)
2019-09-16 12:15:49,287 INFO [http-nio-8080-exec-1] o.a.c.c.C.[.[.[/] [DirectJDKLog.java:173] Initializing Spring DispatcherServlet 'dispatcherServlet'
2019-09-16 12:15:49,287 INFO [http-nio-8080-exec-1] o.s.w.s.DispatcherServlet [FrameworkServlet.java:524] Initializing Servlet 'dispatcherServlet'
2019-09-16 12:15:49,291 INFO [http-nio-8080-exec-1] o.s.w.s.DispatcherServlet [FrameworkServlet.java:546] Completed initialization in 4 ms
2019-09-16 12:15:49,306 INFO [http-nio-8080-exec-1] c.z.h.HikariDataSource [HikariDataSource.java:110] HikariPool-1 - Starting...
2019-09-16 12:15:49,365 INFO [http-nio-8080-exec-1] c.z.h.HikariDataSource [HikariDataSource.java:123] HikariPool-1 - Start completed.
2019-09-16 12:27:47,672 INFO [Thread-11] o.s.s.c.ThreadPoolTaskExecutor [ExecutorConfigurationSupport.java:208] Shutting down ExecutorService 'applicationTaskExecutor'
2019-09-16 12:27:47,673 INFO [Thread-11] c.z.h.HikariDataSource [HikariDataSource.java:350] HikariPool-1 - Shutdown initiated...
2019-09-16 12:27:47,676 INFO [Thread-11] c.z.h.HikariDataSource [HikariDataSource.java:352] HikariPool-1 - Shutdown completed.
2019-09-16 12:27:50,296 INFO [restartedMain] c.j.c.CommunityApplication [StartupInfoLogger.java:50] Starting CommunityApplication on deep-agent with PID 27187 (/home/agent/workspace/community/target/classes started by agent in /home/agent/workspace/community)
2019-09-16 12:27:50,298 INFO [restartedMain] c.j.c.CommunityApplication [SpringApplication.java:648] No active profile set, falling back to default profiles: default
2019-09-16 12:27:50,327 INFO [restartedMain] o.s.b.d.e.DevToolsPropertyDefaultsPostProcessor [DeferredLog.java:225] Devtools property defaults active! Set 'spring.devtools.add-properties' to 'false' to disable
2019-09-16 12:27:50,327 INFO [restartedMain] o.s.b.d.e.DevToolsPropertyDefaultsPostProcessor [DeferredLog.java:225] For additional web related logging consider setting the 'logging.level.web' property to 'DEBUG'
2019-09-16 12:27:51,057 INFO [restartedMain] o.s.b.w.e.t.TomcatWebServer [TomcatWebServer.java:90] Tomcat initialized with port(s): 8080 (http)
2019-09-16 12:27:51,064 INFO [restartedMain] o.a.c.h.Http11NioProtocol [DirectJDKLog.java:173] Initializing ProtocolHandler ["http-nio-8080"]
2019-09-16 12:27:51,069 INFO [restartedMain] o.a.c.c.StandardService [DirectJDKLog.java:173] Starting service [Tomcat]
2019-09-16 12:27:51,069 INFO [restartedMain] o.a.c.c.StandardEngine [DirectJDKLog.java:173] Starting Servlet engine: [Apache Tomcat/9.0.24]
2019-09-16 12:27:51,108 INFO [restartedMain] o.a.c.c.C.[.[.[/] [DirectJDKLog.java:173] Initializing Spring embedded WebApplicationContext
2019-09-16 12:27:51,108 INFO [restartedMain] o.s.w.c.ContextLoader [ServletWebServerApplicationContext.java:284] Root WebApplicationContext: initialization completed in 781 ms
2019-09-16 12:27:51,455 INFO [restartedMain] o.s.s.c.ThreadPoolTaskExecutor [ExecutorConfigurationSupport.java:171] Initializing ExecutorService 'applicationTaskExecutor'
2019-09-16 12:27:51,490 INFO [restartedMain] o.s.b.a.w.s.WelcomePageHandlerMapping [WelcomePageHandlerMapping.java:58] Adding welcome page template: index
2019-09-16 12:27:51,568 INFO [restartedMain] o.s.b.d.a.OptionalLiveReloadServer [OptionalLiveReloadServer.java:57] LiveReload server is running on port 35729
2019-09-16 12:27:51,586 INFO [restartedMain] o.a.c.h.Http11NioProtocol [DirectJDKLog.java:173] Starting ProtocolHandler ["http-nio-8080"]
2019-09-16 12:27:51,594 INFO [restartedMain] o.s.b.w.e.t.TomcatWebServer [TomcatWebServer.java:202] Tomcat started on port(s): 8080 (http) with context path ''
2019-09-16 12:27:51,596 INFO [restartedMain] c.j.c.CommunityApplication [StartupInfoLogger.java:59] Started CommunityApplication in 1.573 seconds (JVM running for 1.957)
2019-09-16 12:28:06,274 INFO [http-nio-8080-exec-1] o.a.c.c.C.[.[.[/] [DirectJDKLog.java:173] Initializing Spring DispatcherServlet 'dispatcherServlet'
2019-09-16 12:28:06,275 INFO [http-nio-8080-exec-1] o.s.w.s.DispatcherServlet [FrameworkServlet.java:524] Initializing Servlet 'dispatcherServlet'
2019-09-16 12:28:06,278 INFO [http-nio-8080-exec-1] o.s.w.s.DispatcherServlet [FrameworkServlet.java:546] Completed initialization in 3 ms
2019-09-16 12:28:06,294 INFO [http-nio-8080-exec-1] c.z.h.HikariDataSource [HikariDataSource.java:110] HikariPool-1 - Starting...
2019-09-16 12:28:06,353 INFO [http-nio-8080-exec-1] c.z.h.HikariDataSource [HikariDataSource.java:123] HikariPool-1 - Start completed.
2019-09-16 12:31:27,368 INFO [Thread-11] o.s.s.c.ThreadPoolTaskExecutor [ExecutorConfigurationSupport.java:208] Shutting down ExecutorService 'applicationTaskExecutor'
2019-09-16 12:31:27,368 INFO [Thread-11] c.z.h.HikariDataSource [HikariDataSource.java:350] HikariPool-1 - Shutdown initiated...
2019-09-16 12:31:27,370 INFO [Thread-11] c.z.h.HikariDataSource [HikariDataSource.java:352] HikariPool-1 - Shutdown completed.
2019-09-16 12:31:29,880 INFO [restartedMain] c.j.c.CommunityApplication [StartupInfoLogger.java:50] Starting CommunityApplication on deep-agent with PID 27321 (/home/agent/workspace/community/target/classes started by agent in /home/agent/workspace/community)
2019-09-16 12:31:29,882 INFO [restartedMain] c.j.c.CommunityApplication [SpringApplication.java:648] No active profile set, falling back to default profiles: default
2019-09-16 12:31:29,910 INFO [restartedMain] o.s.b.d.e.DevToolsPropertyDefaultsPostProcessor [DeferredLog.java:225] Devtools property defaults active! Set 'spring.devtools.add-properties' to 'false' to disable
2019-09-16 12:31:29,910 INFO [restartedMain] o.s.b.d.e.DevToolsPropertyDefaultsPostProcessor [DeferredLog.java:225] For additional web related logging consider setting the 'logging.level.web' property to 'DEBUG'
2019-09-16 12:31:30,652 INFO [restartedMain] o.s.b.w.e.t.TomcatWebServer [TomcatWebServer.java:90] Tomcat initialized with port(s): 8080 (http)
2019-09-16 12:31:30,659 INFO [restartedMain] o.a.c.h.Http11NioProtocol [DirectJDKLog.java:173] Initializing ProtocolHandler ["http-nio-8080"]
2019-09-16 12:31:30,664 INFO [restartedMain] o.a.c.c.StandardService [DirectJDKLog.java:173] Starting service [Tomcat]
2019-09-16 12:31:30,664 INFO [restartedMain] o.a.c.c.StandardEngine [DirectJDKLog.java:173] Starting Servlet engine: [Apache Tomcat/9.0.24]
2019-09-16 12:31:30,703 INFO [restartedMain] o.a.c.c.C.[.[.[/] [DirectJDKLog.java:173] Initializing Spring embedded WebApplicationContext
2019-09-16 12:31:30,703 INFO [restartedMain] o.s.w.c.ContextLoader [ServletWebServerApplicationContext.java:284] Root WebApplicationContext: initialization completed in 793 ms
2019-09-16 12:31:31,060 INFO [restartedMain] o.s.s.c.ThreadPoolTaskExecutor [ExecutorConfigurationSupport.java:171] Initializing ExecutorService 'applicationTaskExecutor'
2019-09-16 12:31:31,096 INFO [restartedMain] o.s.b.a.w.s.WelcomePageHandlerMapping [WelcomePageHandlerMapping.java:58] Adding welcome page template: index
2019-09-16 12:31:31,172 INFO [restartedMain] o.s.b.d.a.OptionalLiveReloadServer [OptionalLiveReloadServer.java:57] LiveReload server is running on port 35729
2019-09-16 12:31:31,190 INFO [restartedMain] o.a.c.h.Http11NioProtocol [DirectJDKLog.java:173] Starting ProtocolHandler ["http-nio-8080"]
2019-09-16 12:31:31,198 INFO [restartedMain] o.s.b.w.e.t.TomcatWebServer [TomcatWebServer.java:202] Tomcat started on port(s): 8080 (http) with context path ''
2019-09-16 12:31:31,200 INFO [restartedMain] c.j.c.CommunityApplication [StartupInfoLogger.java:59] Started CommunityApplication in 1.605 seconds (JVM running for 2.033)
2019-09-16 12:31:31,803 INFO [http-nio-8080-exec-1] o.a.c.c.C.[.[.[/] [DirectJDKLog.java:173] Initializing Spring DispatcherServlet 'dispatcherServlet'
2019-09-16 12:31:31,804 INFO [http-nio-8080-exec-1] o.s.w.s.DispatcherServlet [FrameworkServlet.java:524] Initializing Servlet 'dispatcherServlet'
2019-09-16 12:31:31,808 INFO [http-nio-8080-exec-1] o.s.w.s.DispatcherServlet [FrameworkServlet.java:546] Completed initialization in 4 ms
2019-09-16 12:31:31,827 INFO [http-nio-8080-exec-1] c.z.h.HikariDataSource [HikariDataSource.java:110] HikariPool-1 - Starting...
2019-09-16 12:31:31,894 INFO [http-nio-8080-exec-1] c.z.h.HikariDataSource [HikariDataSource.java:123] HikariPool-1 - Start completed.
2019-09-16 12:36:18,406 INFO [Thread-11] o.s.s.c.ThreadPoolTaskExecutor [ExecutorConfigurationSupport.java:208] Shutting down ExecutorService 'applicationTaskExecutor'
2019-09-16 12:36:18,407 INFO [Thread-11] c.z.h.HikariDataSource [HikariDataSource.java:350] HikariPool-1 - Shutdown initiated...
2019-09-16 12:36:18,409 INFO [Thread-11] c.z.h.HikariDataSource [HikariDataSource.java:352] HikariPool-1 - Shutdown completed.
2019-09-16 12:36:20,943 INFO [restartedMain] c.j.c.CommunityApplication [StartupInfoLogger.java:50] Starting CommunityApplication on deep-agent with PID 27453 (/home/agent/workspace/community/target/classes started by agent in /home/agent/workspace/community)
2019-09-16 12:36:20,945 INFO [restartedMain] c.j.c.CommunityApplication [SpringApplication.java:648] No active profile set, falling back to default profiles: default
2019-09-16 12:36:20,973 INFO [restartedMain] o.s.b.d.e.DevToolsPropertyDefaultsPostProcessor [DeferredLog.java:225] Devtools property defaults active! Set 'spring.devtools.add-properties' to 'false' to disable
2019-09-16 12:36:20,973 INFO [restartedMain] o.s.b.d.e.DevToolsPropertyDefaultsPostProcessor [DeferredLog.java:225] For additional web related logging consider setting the 'logging.level.web' property to 'DEBUG'
2019-09-16 12:36:21,724 INFO [restartedMain] o.s.b.w.e.t.TomcatWebServer [TomcatWebServer.java:90] Tomcat initialized with port(s): 8080 (http)
2019-09-16 12:36:21,731 INFO [restartedMain] o.a.c.h.Http11NioProtocol [DirectJDKLog.java:173] Initializing ProtocolHandler ["http-nio-8080"]
2019-09-16 12:36:21,736 INFO [restartedMain] o.a.c.c.StandardService [DirectJDKLog.java:173] Starting service [Tomcat]
2019-09-16 12:36:21,737 INFO [restartedMain] o.a.c.c.StandardEngine [DirectJDKLog.java:173] Starting Servlet engine: [Apache Tomcat/9.0.24]
2019-09-16 12:36:21,775 INFO [restartedMain] o.a.c.c.C.[.[.[/] [DirectJDKLog.java:173] Initializing Spring embedded WebApplicationContext
2019-09-16 12:36:21,776 INFO [restartedMain] o.s.w.c.ContextLoader [ServletWebServerApplicationContext.java:284] Root WebApplicationContext: initialization completed in 803 ms
2019-09-16 12:36:22,124 INFO [restartedMain] o.s.s.c.ThreadPoolTaskExecutor [ExecutorConfigurationSupport.java:171] Initializing ExecutorService 'applicationTaskExecutor'
2019-09-16 12:36:22,160 INFO [restartedMain] o.s.b.a.w.s.WelcomePageHandlerMapping [WelcomePageHandlerMapping.java:58] Adding welcome page template: index
2019-09-16 12:36:22,240 INFO [restartedMain] o.s.b.d.a.OptionalLiveReloadServer [OptionalLiveReloadServer.java:57] LiveReload server is running on port 35729
2019-09-16 12:36:22,258 INFO [restartedMain] o.a.c.h.Http11NioProtocol [DirectJDKLog.java:173] Starting ProtocolHandler ["http-nio-8080"]
2019-09-16 12:36:22,274 INFO [restartedMain] o.s.b.w.e.t.TomcatWebServer [TomcatWebServer.java:202] Tomcat started on port(s): 8080 (http) with context path ''
2019-09-16 12:36:22,276 INFO [restartedMain] c.j.c.CommunityApplication [StartupInfoLogger.java:59] Started CommunityApplication in 1.615 seconds (JVM running for 2.01)
2019-09-16 12:36:27,436 INFO [http-nio-8080-exec-1] o.a.c.c.C.[.[.[/] [DirectJDKLog.java:173] Initializing Spring DispatcherServlet 'dispatcherServlet'
2019-09-16 12:36:27,436 INFO [http-nio-8080-exec-1] o.s.w.s.DispatcherServlet [FrameworkServlet.java:524] Initializing Servlet 'dispatcherServlet'
2019-09-16 12:36:27,440 INFO [http-nio-8080-exec-1] o.s.w.s.DispatcherServlet [FrameworkServlet.java:546] Completed initialization in 4 ms
2019-09-16 12:36:27,455 INFO [http-nio-8080-exec-1] c.z.h.HikariDataSource [HikariDataSource.java:110] HikariPool-1 - Starting...
2019-09-16 12:36:27,514 INFO [http-nio-8080-exec-1] c.z.h.HikariDataSource [HikariDataSource.java:123] HikariPool-1 - Start completed.
2019-09-16 12:38:32,264 INFO [Thread-11] o.s.s.c.ThreadPoolTaskExecutor [ExecutorConfigurationSupport.java:208] Shutting down ExecutorService 'applicationTaskExecutor'
2019-09-16 12:38:32,265 INFO [Thread-11] c.z.h.HikariDataSource [HikariDataSource.java:350] HikariPool-1 - Shutdown initiated...
2019-09-16 12:38:32,269 INFO [Thread-11] c.z.h.HikariDataSource [HikariDataSource.java:352] HikariPool-1 - Shutdown completed.
2019-09-16 12:38:34,758 INFO [restartedMain] c.j.c.CommunityApplication [StartupInfoLogger.java:50] Starting CommunityApplication on deep-agent with PID 27574 (/home/agent/workspace/community/target/classes started by agent in /home/agent/workspace/community)
2019-09-16 12:38:34,760 INFO [restartedMain] c.j.c.CommunityApplication [SpringApplication.java:648] No active profile set, falling back to default profiles: default
2019-09-16 12:38:34,793 INFO [restartedMain] o.s.b.d.e.DevToolsPropertyDefaultsPostProcessor [DeferredLog.java:225] Devtools property defaults active! Set 'spring.devtools.add-properties' to 'false' to disable
2019-09-16 12:38:34,793 INFO [restartedMain] o.s.b.d.e.DevToolsPropertyDefaultsPostProcessor [DeferredLog.java:225] For additional web related logging consider setting the 'logging.level.web' property to 'DEBUG'
2019-09-16 12:38:35,563 INFO [restartedMain] o.s.b.w.e.t.TomcatWebServer [TomcatWebServer.java:90] Tomcat initialized with port(s): 8080 (http)
2019-09-16 12:38:35,571 INFO [restartedMain] o.a.c.h.Http11NioProtocol [DirectJDKLog.java:173] Initializing ProtocolHandler ["http-nio-8080"]
2019-09-16 12:38:35,576 INFO [restartedMain] o.a.c.c.StandardService [DirectJDKLog.java:173] Starting service [Tomcat]
2019-09-16 12:38:35,577 INFO [restartedMain] o.a.c.c.StandardEngine [DirectJDKLog.java:173] Starting Servlet engine: [Apache Tomcat/9.0.24]
2019-09-16 12:38:35,615 INFO [restartedMain] o.a.c.c.C.[.[.[/] [DirectJDKLog.java:173] Initializing Spring embedded WebApplicationContext
2019-09-16 12:38:35,615 INFO [restartedMain] o.s.w.c.ContextLoader [ServletWebServerApplicationContext.java:284] Root WebApplicationContext: initialization completed in 821 ms
2019-09-16 12:38:35,957 INFO [restartedMain] o.s.s.c.ThreadPoolTaskExecutor [ExecutorConfigurationSupport.java:171] Initializing ExecutorService 'applicationTaskExecutor'
2019-09-16 12:38:35,992 INFO [restartedMain] o.s.b.a.w.s.WelcomePageHandlerMapping [WelcomePageHandlerMapping.java:58] Adding welcome page template: index
2019-09-16 12:38:36,073 INFO [restartedMain] o.s.b.d.a.OptionalLiveReloadServer [OptionalLiveReloadServer.java:57] LiveReload server is running on port 35729
2019-09-16 12:38:36,090 INFO [restartedMain] o.a.c.h.Http11NioProtocol [DirectJDKLog.java:173] Starting ProtocolHandler ["http-nio-8080"]
2019-09-16 12:38:36,099 INFO [restartedMain] o.s.b.w.e.t.TomcatWebServer [TomcatWebServer.java:202] Tomcat started on port(s): 8080 (http) with context path ''
2019-09-16 12:38:36,101 INFO [restartedMain] c.j.c.CommunityApplication [StartupInfoLogger.java:59] Started CommunityApplication in 1.628 seconds (JVM running for 1.988)
2019-09-16 12:38:41,714 INFO [http-nio-8080-exec-1] o.a.c.c.C.[.[.[/] [DirectJDKLog.java:173] Initializing Spring DispatcherServlet 'dispatcherServlet'
2019-09-16 12:38:41,715 INFO [http-nio-8080-exec-1] o.s.w.s.DispatcherServlet [FrameworkServlet.java:524] Initializing Servlet 'dispatcherServlet'
2019-09-16 12:38:41,719 INFO [http-nio-8080-exec-1] o.s.w.s.DispatcherServlet [FrameworkServlet.java:546] Completed initialization in 4 ms
2019-09-16 12:38:41,736 INFO [http-nio-8080-exec-1] c.z.h.HikariDataSource [HikariDataSource.java:110] HikariPool-1 - Starting...
2019-09-16 12:38:41,795 INFO [http-nio-8080-exec-1] c.z.h.HikariDataSource [HikariDataSource.java:123] HikariPool-1 - Start completed.
2019-09-16 13:05:20,017 INFO [Thread-11] o.s.s.c.ThreadPoolTaskExecutor [ExecutorConfigurationSupport.java:208] Shutting down ExecutorService 'applicationTaskExecutor'
2019-09-16 13:05:20,018 INFO [Thread-11] c.z.h.HikariDataSource [HikariDataSource.java:350] HikariPool-1 - Shutdown initiated...
2019-09-16 13:05:20,022 INFO [Thread-11] c.z.h.HikariDataSource [HikariDataSource.java:352] HikariPool-1 - Shutdown completed.
2019-09-16 13:08:20,684 INFO [restartedMain] c.j.c.CommunityApplication [StartupInfoLogger.java:50] Starting CommunityApplication on deep-agent with PID 27906 (/home/agent/workspace/community/target/classes started by agent in /home/agent/workspace/community)
2019-09-16 13:08:20,686 INFO [restartedMain] c.j.c.CommunityApplication [SpringApplication.java:648] No active profile set, falling back to default profiles: default
2019-09-16 13:08:20,720 INFO [restartedMain] o.s.b.d.e.DevToolsPropertyDefaultsPostProcessor [DeferredLog.java:225] Devtools property defaults active! Set 'spring.devtools.add-properties' to 'false' to disable
2019-09-16 13:08:20,721 INFO [restartedMain] o.s.b.d.e.DevToolsPropertyDefaultsPostProcessor [DeferredLog.java:225] For additional web related logging consider setting the 'logging.level.web' property to 'DEBUG'
2019-09-16 13:08:21,498 INFO [restartedMain] o.s.b.w.e.t.TomcatWebServer [TomcatWebServer.java:90] Tomcat initialized with port(s): 8080 (http)
2019-09-16 13:08:21,506 INFO [restartedMain] o.a.c.h.Http11NioProtocol [DirectJDKLog.java:173] Initializing ProtocolHandler ["http-nio-8080"]
2019-09-16 13:08:21,511 INFO [restartedMain] o.a.c.c.StandardService [DirectJDKLog.java:173] Starting service [Tomcat]
2019-09-16 13:08:21,511 INFO [restartedMain] o.a.c.c.StandardEngine [DirectJDKLog.java:173] Starting Servlet engine: [Apache Tomcat/9.0.24]
2019-09-16 13:08:21,550 INFO [restartedMain] o.a.c.c.C.[.[.[/] [DirectJDKLog.java:173] Initializing Spring embedded WebApplicationContext
2019-09-16 13:08:21,550 INFO [restartedMain] o.s.w.c.ContextLoader [ServletWebServerApplicationContext.java:284] Root WebApplicationContext: initialization completed in 829 ms
2019-09-16 13:08:21,901 INFO [restartedMain] o.s.s.c.ThreadPoolTaskExecutor [ExecutorConfigurationSupport.java:171] Initializing ExecutorService 'applicationTaskExecutor'
2019-09-16 13:08:21,937 INFO [restartedMain] o.s.b.a.w.s.WelcomePageHandlerMapping [WelcomePageHandlerMapping.java:58] Adding welcome page template: index
2019-09-16 13:08:22,015 INFO [restartedMain] o.s.b.d.a.OptionalLiveReloadServer [OptionalLiveReloadServer.java:57] LiveReload server is running on port 35729
2019-09-16 13:08:22,032 INFO [restartedMain] o.a.c.h.Http11NioProtocol [DirectJDKLog.java:173] Starting ProtocolHandler ["http-nio-8080"]
2019-09-16 13:08:22,040 INFO [restartedMain] o.s.b.w.e.t.TomcatWebServer [TomcatWebServer.java:202] Tomcat started on port(s): 8080 (http) with context path ''
2019-09-16 13:08:22,042 INFO [restartedMain] c.j.c.CommunityApplication [StartupInfoLogger.java:59] Started CommunityApplication in 1.621 seconds (JVM running for 2.023)
2019-09-16 13:08:30,616 INFO [http-nio-8080-exec-1] o.a.c.c.C.[.[.[/] [DirectJDKLog.java:173] Initializing Spring DispatcherServlet 'dispatcherServlet'
2019-09-16 13:08:30,616 INFO [http-nio-8080-exec-1] o.s.w.s.DispatcherServlet [FrameworkServlet.java:524] Initializing Servlet 'dispatcherServlet'
2019-09-16 13:08:30,619 INFO [http-nio-8080-exec-1] o.s.w.s.DispatcherServlet [FrameworkServlet.java:546] Completed initialization in 3 ms
2019-09-16 13:08:30,635 INFO [http-nio-8080-exec-1] c.z.h.HikariDataSource [HikariDataSource.java:110] HikariPool-1 - Starting...
2019-09-16 13:08:30,693 INFO [http-nio-8080-exec-1] c.z.h.HikariDataSource [HikariDataSource.java:123] HikariPool-1 - Start completed.
2019-09-16 13:08:56,600 INFO [Thread-11] o.s.s.c.ThreadPoolTaskExecutor [ExecutorConfigurationSupport.java:208] Shutting down ExecutorService 'applicationTaskExecutor'
2019-09-16 13:08:56,601 INFO [Thread-11] c.z.h.HikariDataSource [HikariDataSource.java:350] HikariPool-1 - Shutdown initiated...
2019-09-16 13:08:56,605 INFO [Thread-11] c.z.h.HikariDataSource [HikariDataSource.java:352] HikariPool-1 - Shutdown completed.
2019-09-16 13:08:58,405 INFO [restartedMain] c.j.c.CommunityApplication [StartupInfoLogger.java:50] Starting CommunityApplication on deep-agent with PID 28049 (/home/agent/workspace/community/target/classes started by agent in /home/agent/workspace/community)
2019-09-16 13:08:58,407 INFO [restartedMain] c.j.c.CommunityApplication [SpringApplication.java:648] No active profile set, falling back to default profiles: default
2019-09-16 13:08:58,429 INFO [restartedMain] o.s.b.d.e.DevToolsPropertyDefaultsPostProcessor [DeferredLog.java:225] Devtools property defaults active! Set 'spring.devtools.add-properties' to 'false' to disable
2019-09-16 13:08:58,430 INFO [restartedMain] o.s.b.d.e.DevToolsPropertyDefaultsPostProcessor [DeferredLog.java:225] For additional web related logging consider setting the 'logging.level.web' property to 'DEBUG'
2019-09-16 13:08:59,120 INFO [restartedMain] o.s.b.w.e.t.TomcatWebServer [TomcatWebServer.java:90] Tomcat initialized with port(s): 8080 (http)
2019-09-16 13:08:59,127 INFO [restartedMain] o.a.c.h.Http11NioProtocol [DirectJDKLog.java:173] Initializing ProtocolHandler ["http-nio-8080"]
2019-09-16 13:08:59,132 INFO [restartedMain] o.a.c.c.StandardService [DirectJDKLog.java:173] Starting service [Tomcat]
2019-09-16 13:08:59,132 INFO [restartedMain] o.a.c.c.StandardEngine [DirectJDKLog.java:173] Starting Servlet engine: [Apache Tomcat/9.0.24]
2019-09-16 13:08:59,166 INFO [restartedMain] o.a.c.c.C.[.[.[/] [DirectJDKLog.java:173] Initializing Spring embedded WebApplicationContext
2019-09-16 13:08:59,167 INFO [restartedMain] o.s.w.c.ContextLoader [ServletWebServerApplicationContext.java:284] Root WebApplicationContext: initialization completed in 737 ms
2019-09-16 13:08:59,470 INFO [restartedMain] o.s.s.c.ThreadPoolTaskExecutor [ExecutorConfigurationSupport.java:171] Initializing ExecutorService 'applicationTaskExecutor'
2019-09-16 13:08:59,504 INFO [restartedMain] o.s.b.a.w.s.WelcomePageHandlerMapping [WelcomePageHandlerMapping.java:58] Adding welcome page template: index
2019-09-16 13:08:59,581 INFO [restartedMain] o.s.b.d.a.OptionalLiveReloadServer [OptionalLiveReloadServer.java:57] LiveReload server is running on port 35729
2019-09-16 13:08:59,596 INFO [restartedMain] o.a.c.h.Http11NioProtocol [DirectJDKLog.java:173] Starting ProtocolHandler ["http-nio-8080"]
2019-09-16 13:08:59,603 INFO [restartedMain] o.s.b.w.e.t.TomcatWebServer [TomcatWebServer.java:202] Tomcat started on port(s): 8080 (http) with context path ''
2019-09-16 13:08:59,605 INFO [restartedMain] c.j.c.CommunityApplication [StartupInfoLogger.java:59] Started CommunityApplication in 1.433 seconds (JVM running for 1.723)
2019-09-16 13:09:04,179 INFO [http-nio-8080-exec-1] o.a.c.c.C.[.[.[/] [DirectJDKLog.java:173] Initializing Spring DispatcherServlet 'dispatcherServlet'
2019-09-16 13:09:04,179 INFO [http-nio-8080-exec-1] o.s.w.s.DispatcherServlet [FrameworkServlet.java:524] Initializing Servlet 'dispatcherServlet'
2019-09-16 13:09:04,183 INFO [http-nio-8080-exec-1] o.s.w.s.DispatcherServlet [FrameworkServlet.java:546] Completed initialization in 4 ms
2019-09-16 13:09:04,196 INFO [http-nio-8080-exec-1] c.z.h.HikariDataSource [HikariDataSource.java:110] HikariPool-1 - Starting...
2019-09-16 13:09:04,251 INFO [http-nio-8080-exec-1] c.z.h.HikariDataSource [HikariDataSource.java:123] HikariPool-1 - Start completed.
2019-09-16 13:53:18,596 INFO [Thread-11] o.s.s.c.ThreadPoolTaskExecutor [ExecutorConfigurationSupport.java:208] Shutting down ExecutorService 'applicationTaskExecutor'
2019-09-16 13:53:18,597 INFO [Thread-11] c.z.h.HikariDataSource [HikariDataSource.java:350] HikariPool-1 - Shutdown initiated...
2019-09-16 13:53:18,598 INFO [Thread-11] c.z.h.HikariDataSource [HikariDataSource.java:352] HikariPool-1 - Shutdown completed.
